O:9:"MagpieRSS":22:{s:6:"parser";i:0;s:12:"current_item";a:0:{}s:5:"items";a:308:{i:0;a:6:{s:5:"title";s:43:"?KCFinder, un gestionnaire d'upload gratuit";s:4:"link";s:74:"http://creer-un-site.fr/-kcfinder-un-gestionnaire-d-upload-gratuit-314.php";s:11:"description";s:150:"Vous êtes à la recherche d'un gestionnaire d'upload performant (KCFinder), gratuit et pas trop chiant à installer, alors vous êtes au bon endroit :).
";s:7:"pubdate";s:29:"Tue, 15 Apr 2014 23:00:42 GMT";s:7:"summary";s:150:"Vous êtes à la recherche d'un gestionnaire d'upload performant (KCFinder), gratuit et pas trop chiant à installer, alors vous êtes au bon endroit :).
";s:14:"date_timestamp";i:1397602842;}i:1;a:6:{s:5:"title";s:62:"Créer un site de manière très intuitive avec un outil innovant";s:4:"link";s:94:"http://creer-un-site.fr/creer-un-site-de-maniere-tres-intuitive-avec-un-outil-innovant-313.php";s:11:"description";s:244:"Que vous ayez besoin de simples pages, d?un blog professionnel, de galeries modernes ou d?une boutique en ligne, avec iPaoo tout est inclus pour créer un site en toute simplicité. En plus, votre site iPaoo est Google Friendly et Mobile Ready !
";s:7:"pubdate";s:29:"Wed, 22 Jan 2014 09:47:33 GMT";s:7:"summary";s:244:"Que vous ayez besoin de simples pages, d?un blog professionnel, de galeries modernes ou d?une boutique en ligne, avec iPaoo tout est inclus pour créer un site en toute simplicité. En plus, votre site iPaoo est Google Friendly et Mobile Ready !
";s:14:"date_timestamp";i:1390384053;}i:2;a:6:{s:5:"title";s:48:"Récupérer et re-diriger les erreurs 404 en masse";s:4:"link";s:80:"http://creer-un-site.fr/recuperer-et-re-diriger-les-erreurs-404-en-masse-312.php";s:11:"description";s:145:"Voici un petit code permettant de récupérer et générer des redirections en masse à partir du fichier CSV fournit par Google (rapport d'erreurs).
";s:7:"pubdate";s:29:"Sun, 10 Nov 2013 17:58:34 GMT";s:7:"summary";s:145:"Voici un petit code permettant de récupérer et générer des redirections en masse à partir du fichier CSV fournit par Google (rapport d'erreurs).
";s:14:"date_timestamp";i:1384106314;}i:3;a:6:{s:5:"title";s:28:"Créer un site avec Wordpress";s:4:"link";s:60:"http://creer-un-site.fr/creer-un-site-avec-wordpress-310.php";s:11:"description";s:108:"Créer un site de base avec Wordpress en cinq minutes et évitez par la même occasion de vous faire arnaquer.
";s:7:"pubdate";s:29:"Thu, 17 Oct 2013 08:16:51 GMT";s:7:"summary";s:108:"Créer un site de base avec Wordpress en cinq minutes et évitez par la même occasion de vous faire arnaquer.
";s:14:"date_timestamp";i:1381997811;}i:4;a:6:{s:5:"title";s:34:"Créer un site internet avec Webzoo";s:4:"link";s:66:"http://creer-un-site.fr/creer-un-site-internet-avec-webzoo-309.php";s:11:"description";s:209:"Webzoo est un générateur de site internet sans aucun téléchargement et qui fonctionne depuis un simple navigateur. Créer un site en moins de 30 minutes et sans aucune ligne de codes idéals pour les débutants.
";s:7:"pubdate";s:29:"Mon, 14 Oct 2013 10:18:46 GMT";s:7:"summary";s:209:"Webzoo est un générateur de site internet sans aucun téléchargement et qui fonctionne depuis un simple navigateur. Créer un site en moins de 30 minutes et sans aucune ligne de codes idéals pour les débutants.
";s:14:"date_timestamp";i:1381745926;}i:5;a:6:{s:5:"title";s:35:"Flux Rss, intégralité ou tronquer ?";s:4:"link";s:64:"http://creer-un-site.fr/flux-rss-integralite-ou-tronquer-308.php";s:11:"description";s:226:"Sur le web, vous trouverez énormément d'explications concernant la création, l'utilité et la mise à disposition d'un flux Rss. J'expose ici mon avis personnel sur le fait de tronquer ou d'afficher l'intégralité d'un flux Rss.
";s:7:"pubdate";s:29:"Thu, 26 Sep 2013 13:56:59 GMT";s:7:"summary";s:226:"Sur le web, vous trouverez énormément d'explications concernant la création, l'utilité et la mise à disposition d'un flux Rss. J'expose ici mon avis personnel sur le fait de tronquer ou d'afficher l'intégralité d'un flux Rss.
";s:14:"date_timestamp";i:1380203819;}i:6;a:6:{s:5:"title";s:73:"Passer de PHP4 à PHP5 en utilisant l'extension mysqli en style procédural";s:4:"link";s:105:"http://creer-un-site.fr/passer-de-php4-a-php5-en-utilisant-l-extension-mysqli-en-style-procedural-306.php";s:11:"description";s:117:"Voici quelques explications de bases pour passer de PHP4 à PHP5 en utilisant l'extension mysqli en style procédural.
";s:7:"pubdate";s:29:"Fri, 20 Sep 2013 14:41:31 GMT";s:7:"summary";s:117:"Voici quelques explications de bases pour passer de PHP4 à PHP5 en utilisant l'extension mysqli en style procédural.
";s:14:"date_timestamp";i:1379688091;}i:7;a:6:{s:5:"title";s:32:"Un site pas comme les autres ...";s:4:"link";s:60:"http://creer-un-site.fr/un-site-pas-comme-les-autres-305.php";s:11:"description";s:211:"Vous cherchez un annuaire de référencement, un système de communiqués de presse ou une page perso pour votre communication ou votre référencement et le tout dans un contexte original ? Vous êtes au bon endroit.
";s:7:"pubdate";s:29:"Sat, 02 Nov 2013 09:12:40 GMT";s:7:"summary";s:211:"Vous cherchez un annuaire de référencement, un système de communiqués de presse ou une page perso pour votre communication ou votre référencement et le tout dans un contexte original ? Vous êtes au bon endroit.
";s:14:"date_timestamp";i:1383383560;}i:8;a:6:{s:5:"title";s:38:"Comment passer un site en maintenance?";s:4:"link";s:69:"http://creer-un-site.fr/comment-passer-un-site-en-maintenance-304.php";s:11:"description";s:120:"Voici un petit code tout simple permettant de faire basculer un site en maintenance tout en prévenant les utilisateurs.
";s:7:"pubdate";s:29:"Thu, 19 Sep 2013 11:50:21 GMT";s:7:"summary";s:120:"Voici un petit code tout simple permettant de faire basculer un site en maintenance tout en prévenant les utilisateurs.
";s:14:"date_timestamp";i:1379591421;}i:9;a:6:{s:5:"title";s:31:"L'admin répond aux commentaires";s:4:"link";s:63:"http://creer-un-site.fr/l-admin-repond-aux-commentaires-303.php";s:11:"description";s:97:"Cette page va permettre à l'administrateur de répondre aux commentaires depuis l'administration.
";s:7:"pubdate";s:29:"Thu, 19 Sep 2013 11:50:21 GMT";s:7:"summary";s:97:"Cette page va permettre à l'administrateur de répondre aux commentaires depuis l'administration.
";s:14:"date_timestamp";i:1379591421;}i:10;a:6:{s:5:"title";s:30:"Désabonnement des commentaires";s:4:"link";s:62:"http://creer-un-site.fr/desabonnement-des-commentaires-302.php";s:11:"description";s:61:"Création d'une page permettant aux abonnés de se désabonner.
";s:7:"pubdate";s:29:"Thu, 19 Sep 2013 11:50:21 GMT";s:7:"summary";s:61:"Création d'une page permettant aux abonnés de se désabonner.
";s:14:"date_timestamp";i:1379591421;}i:11;a:6:{s:5:"title";s:25:"Répondre aux commentaires";s:4:"link";s:57:"http://creer-un-site.fr/repondre-aux-commentaires-301.php";s:11:"description";s:85:"Création d'une interface permettant à l'administrateur de répondre aux commentaires.
";s:7:"pubdate";s:29:"Thu, 19 Sep 2013 11:50:21 GMT";s:7:"summary";s:85:"Création d'une interface permettant à l'administrateur de répondre aux commentaires.
";s:14:"date_timestamp";i:1379591421;}i:12;a:6:{s:5:"title";s:27:"Validation des commentaires";s:4:"link";s:59:"http://creer-un-site.fr/validation-des-commentaires-300.php";s:11:"description";s:89:"Ce tutoriel va permettre de modifier, valider, supprimer ou black-lister un commentaire.
";s:7:"pubdate";s:29:"Thu, 19 Sep 2013 11:50:21 GMT";s:7:"summary";s:89:"Ce tutoriel va permettre de modifier, valider, supprimer ou black-lister un commentaire.
";s:14:"date_timestamp";i:1379591421;}i:13;a:6:{s:5:"title";s:24:"Gestion des commentaires";s:4:"link";s:56:"http://creer-un-site.fr/gestion-des-commentaires-299.php";s:11:"description";s:82:"Création d'une page permettant à l'administrateur de visualiser les commentaires.
";s:7:"pubdate";s:29:"Thu, 19 Sep 2013 11:50:21 GMT";s:7:"summary";s:82:"Création d'une page permettant à l'administrateur de visualiser les commentaires.
";s:14:"date_timestamp";i:1379591421;}i:14;a:6:{s:5:"title";s:35:"Création du système de commentaires";s:4:"link";s:67:"http://creer-un-site.fr/creation-du-systeme-de-commentaires-298.php";s:11:"description";s:91:"Création du système de commentaires permettant à l'internaute de déposer des commentaires.
";s:7:"pubdate";s:29:"Thu, 19 Sep 2013 11:50:21 GMT";s:7:"summary";s:91:"Création du système de commentaires permettant à l'internaute de déposer des commentaires.
";s:14:"date_timestamp";i:1379591421;}i:15;a:6:{s:5:"title";s:71:"Création de la table, ajout des fonctions et mise en place du style CSS";s:4:"link";s:102:"http://creer-un-site.fr/creation-de-la-table-ajout-des-fonctions-et-mise-en-place-du-style-css-297.php";s:11:"description";s:120:"Mise en place de la table COMMENTAIRE, création des fonctions et mise en place du style CSS du système de commentaires.
";s:7:"pubdate";s:29:"Thu, 19 Sep 2013 11:50:21 GMT";s:7:"summary";s:120:"Mise en place de la table COMMENTAIRE, création des fonctions et mise en place du style CSS du système de commentaires.
";s:14:"date_timestamp";i:1379591421;}i:16;a:6:{s:5:"title";s:29:"Liste déroulante liée en AJAX";s:4:"link";s:61:"http://creer-un-site.fr/liste-deroulante-liee-en-ajax-295.php";s:11:"description";s:200:"Nous allons voir dans ce tutoriel comment créer une liste déroulante dynamique en AJAX liée à une autre. Cette méthode permet donc d'afficher une simple liste déroulante sans rechargement de la page.
";s:7:"pubdate";s:29:"Thu, 19 Sep 2013 11:50:21 GMT";s:7:"summary";s:200:"Nous allons voir dans ce tutoriel comment créer une liste déroulante dynamique en AJAX liée à une autre. Cette méthode permet donc d'afficher une simple liste déroulante sans rechargement de la page.
";s:14:"date_timestamp";i:1379591421;}i:17;a:6:{s:5:"title";s:50:"Changer le design d'un site en un clique avec AJAX";s:4:"link";s:82:"http://creer-un-site.fr/changer-le-design-d-un-site-en-un-clique-avec-ajax-294.php";s:11:"description";s:119:"Nous allons voir dans ce tutoriel comment modifier l'apparence d'une page ou d'un site en un clique en utilisant AJAX.
";s:7:"pubdate";s:29:"Thu, 19 Sep 2013 11:50:21 GMT";s:7:"summary";s:119:"Nous allons voir dans ce tutoriel comment modifier l'apparence d'une page ou d'un site en un clique en utilisant AJAX.
";s:14:"date_timestamp";i:1379591421;}i:18;a:6:{s:5:"title";s:24:"Système de votes en AJAX";s:4:"link";s:56:"http://creer-un-site.fr/systeme-de-votes-en-ajax-293.php";s:11:"description";s:272:"Toujours dans l'optique de comprendre un peut plus comment fonctionne AJAX, nous allons réaliser un système de votes. L'utilisateur aura le choix entre  voter positivement (+1) ou négativement (-1) et verra son vote s'ajouter automatiquement sans rechargement de la page.
";s:7:"pubdate";s:29:"Tue, 24 Jun 2014 17:14:37 GMT";s:7:"summary";s:272:"Toujours dans l'optique de comprendre un peut plus comment fonctionne AJAX, nous allons réaliser un système de votes. L'utilisateur aura le choix entre  voter positivement (+1) ou négativement (-1) et verra son vote s'ajouter automatiquement sans rechargement de la page.
";s:14:"date_timestamp";i:1403630077;}i:19;a:6:{s:5:"title";s:41:"TP AJAX - Ecrire et lire un fichier texte";s:4:"link";s:71:"http://creer-un-site.fr/tp-ajax-ecrire-et-lire-un-fichier-texte-292.php";s:11:"description";s:267:"Pour comprendre un peut plus le fonctionnement d'AJAX, nous allons réaliser un petit travail pratique dont le but sera d'écrire et d'afficher des données transmis par un formulaire dans un fichier texte qui sera ensuite retranscrit automatiquement dès la validation.
";s:7:"pubdate";s:29:"Thu, 19 Sep 2013 11:50:21 GMT";s:7:"summary";s:267:"Pour comprendre un peut plus le fonctionnement d'AJAX, nous allons réaliser un petit travail pratique dont le but sera d'écrire et d'afficher des données transmis par un formulaire dans un fichier texte qui sera ensuite retranscrit automatiquement dès la validation.
";s:14:"date_timestamp";i:1379591421;}i:20;a:6:{s:5:"title";s:39:"AJAX - Envoyer une demande à un serveur";s:4:"link";s:69:"http://creer-un-site.fr/ajax-envoyer-une-demande-a-un-serveur-291.php";s:11:"description";s:105:"Pour envoyer une demande à un serveur, on utilise la méthode open() et send() de l'objet XMLHttpRequest.
";s:7:"pubdate";s:29:"Thu, 19 Sep 2013 11:50:21 GMT";s:7:"summary";s:105:"Pour envoyer une demande à un serveur, on utilise la méthode open() et send() de l'objet XMLHttpRequest.
";s:14:"date_timestamp";i:1379591421;}i:21;a:6:{s:5:"title";s:29:"AJAX - L'objet XMLHttpRequest";s:4:"link";s:59:"http://creer-un-site.fr/ajax-l-objet-xmlhttprequest-290.php";s:11:"description";s:98:"L'objet XMLHttpRequest permet d'interagir avec le serveur, grâce à ses méthodes et ses attributs.
";s:7:"pubdate";s:29:"Thu, 19 Sep 2013 11:50:21 GMT";s:7:"summary";s:98:"L'objet XMLHttpRequest permet d'interagir avec le serveur, grâce à ses méthodes et ses attributs.
";s:14:"date_timestamp";i:1379591421;}i:22;a:6:{s:5:"title";s:19:"Qu'est-ce que AJAX?";s:4:"link";s:50:"http://creer-un-site.fr/qu-est-ce-que-ajax-289.php";s:11:"description";s:210:"AJAX est l'acronyme de Asynchronous JavaScript and XML. AJAX n'est pas un nouveau langage de programmation mais est plutôt une nouvelle façon d'utiliser les normes existantes (HTML/XHTML, CSS, JavaScript/DOM).
";s:7:"pubdate";s:29:"Thu, 19 Sep 2013 11:50:21 GMT";s:7:"summary";s:210:"AJAX est l'acronyme de Asynchronous JavaScript and XML. AJAX n'est pas un nouveau langage de programmation mais est plutôt une nouvelle façon d'utiliser les normes existantes (HTML/XHTML, CSS, JavaScript/DOM).
";s:14:"date_timestamp";i:1379591421;}i:23;a:6:{s:5:"title";s:43:"Faire un site web facilement avec Wisibilis";s:4:"link";s:75:"http://creer-un-site.fr/faire-un-site-web-facilement-avec-wisibilis-288.php";s:11:"description";s:178:"Wisibilis est une plateforme en ligne qui permet aux professionnels (artisans, auto-entrepreneurs, TPE, PME...) ou aux associations de créer un site Internet en toute autonomie.
";s:7:"pubdate";s:29:"Thu, 19 Sep 2013 11:50:21 GMT";s:7:"summary";s:178:"Wisibilis est une plateforme en ligne qui permet aux professionnels (artisans, auto-entrepreneurs, TPE, PME...) ou aux associations de créer un site Internet en toute autonomie.
";s:14:"date_timestamp";i:1379591421;}i:24;a:6:{s:5:"title";s:45:"Comment créer un système de notations en PHP?";s:4:"link";s:76:"http://creer-un-site.fr/comment-creer-un-systeme-de-notations-en-php-287.php";s:11:"description";s:99:"Dans ce tutoriel, nous allons voir comment créer un petit système de notations tout simple en PHP.
";s:7:"pubdate";s:29:"Sun, 30 Mar 2014 16:35:17 GMT";s:7:"summary";s:99:"Dans ce tutoriel, nous allons voir comment créer un petit système de notations tout simple en PHP.
";s:14:"date_timestamp";i:1396197317;}i:25;a:6:{s:5:"title";s:54:"Cocher/décocher une liste de cases à cocher (checkbox)";s:4:"link";s:84:"http://creer-un-site.fr/cocher-decocher-une-liste-de-cases-a-cocher-checkbox-286.php";s:11:"description";s:61:"Comment cocher/décocher une liste de checkbox en Javascript.
";s:7:"pubdate";s:29:"Thu, 19 Sep 2013 11:50:21 GMT";s:7:"summary";s:61:"Comment cocher/décocher une liste de checkbox en Javascript.
";s:14:"date_timestamp";i:1379591421;}i:26;a:6:{s:5:"title";s:53:"Comment récupérer les valeurs d'un checkbox multiple?";s:4:"link";s:84:"http://creer-un-site.fr/comment-recuperer-les-valeurs-d-un-checkbox-multiple-285.php";s:11:"description";s:79:"Comment récupérer les valeurs de plusieurs cases à cocher portant le même nom?
";s:7:"pubdate";s:29:"Thu, 19 Sep 2013 11:50:21 GMT";s:7:"summary";s:79:"Comment récupérer les valeurs de plusieurs cases à cocher portant le même nom?
";s:14:"date_timestamp";i:1379591421;}i:27;a:6:{s:5:"title";s:54:"Comment interdire des mots dans un texte ou une chaîne";s:4:"link";s:86:"http://creer-un-site.fr/comment-interdire-des-mots-dans-un-texte-ou-une-chaine-284.php";s:11:"description";s:111:"Voici une petite fonction toute simple qui permet d'interdire certains mots ou groupe de mots dans une chaîne.
";s:7:"pubdate";s:29:"Thu, 19 Sep 2013 11:50:21 GMT";s:7:"summary";s:111:"Voici une petite fonction toute simple qui permet d'interdire certains mots ou groupe de mots dans une chaîne.
";s:14:"date_timestamp";i:1379591421;}i:28;a:6:{s:5:"title";s:26:"Lecteur mp3 multi playlist";s:4:"link";s:58:"http://creer-un-site.fr/lecteur-mp3-multi-playlist-283.php";s:11:"description";s:245:"Nous allons voir dans ce tutoriel comment créer un player MP3 pour site internet multi playlist...c'est à dire concevoir une page permettant d'écouter des albums de musiques en affichant un seul et unique lecteur MP3 pour l'ensemble des albums.
";s:7:"pubdate";s:29:"Thu, 19 Sep 2013 11:50:21 GMT";s:7:"summary";s:245:"Nous allons voir dans ce tutoriel comment créer un player MP3 pour site internet multi playlist...c'est à dire concevoir une page permettant d'écouter des albums de musiques en affichant un seul et unique lecteur MP3 pour l'ensemble des albums.
";s:14:"date_timestamp";i:1379591421;}i:29;a:6:{s:5:"title";s:33:"Administration de l'espace membre";s:4:"link";s:65:"http://creer-un-site.fr/administration-de-l-espace-membre-282.php";s:11:"description";s:65:"Création de la page dédié à l'administration de l'espace membre.
";s:7:"pubdate";s:29:"Thu, 19 Sep 2013 11:50:21 GMT";s:7:"summary";s:65:"Création de la page dédié à l'administration de l'espace membre.
";s:14:"date_timestamp";i:1379591421;}i:30;a:6:{s:5:"title";s:32:"Modification du profil du membre";s:4:"link";s:64:"http://creer-un-site.fr/modification-du-profil-du-membre-281.php";s:11:"description";s:153:"Création de la page permettant à chaque membre de modifier son profil, du moins son pseudo, son mot de passe et la possibilité de télécharger une image.
";s:7:"pubdate";s:29:"Thu, 19 Sep 2013 11:50:21 GMT";s:7:"summary";s:153:"Création de la page permettant à chaque membre de modifier son profil, du moins son pseudo, son mot de passe et la possibilité de télécharger une image.
";s:14:"date_timestamp";i:1379591421;}i:31;a:6:{s:5:"title";s:45:"Validation de l'inscription à l'espace membre";s:4:"link";s:77:"http://creer-un-site.fr/validation-de-l-inscription-a-l-espace-membre-280.php";s:11:"description";s:101:"Création d'un page permettant aux membres n'ayant pas validé leurs inscriptions de pouvoir le faire.
";s:7:"pubdate";s:29:"Thu, 19 Sep 2013 11:50:21 GMT";s:7:"summary";s:101:"Création d'un page permettant aux membres n'ayant pas validé leurs inscriptions de pouvoir le faire.
";s:14:"date_timestamp";i:1379591421;}i:32;a:6:{s:5:"title";s:37:"Menu de navigation de l'espace membre";s:4:"link";s:69:"http://creer-un-site.fr/menu-de-navigation-de-l-espace-membre-279.php";s:11:"description";s:51:"Création du menu de navigation de l'espace membre.
";s:7:"pubdate";s:29:"Thu, 19 Sep 2013 11:50:21 GMT";s:7:"summary";s:51:"Création du menu de navigation de l'espace membre.
";s:14:"date_timestamp";i:1379591421;}i:33;a:6:{s:5:"title";s:46:"Création du premier fichier de l'espace membre";s:4:"link";s:78:"http://creer-un-site.fr/creation-du-premier-fichier-de-l-espace-membre-278.php";s:11:"description";s:87:"Nous allons à présent créer le premier fichier de la partie privée de l'espace membre.
";s:7:"pubdate";s:29:"Thu, 19 Sep 2013 11:50:21 GMT";s:7:"summary";s:87:"Nous allons à présent créer le premier fichier de la partie privée de l'espace membre.
";s:14:"date_timestamp";i:1379591421;}i:34;a:6:{s:5:"title";s:35:"Page de connexion à l'espace membre";s:4:"link";s:67:"http://creer-un-site.fr/page-de-connexion-a-l-espace-membre-277.php";s:11:"description";s:131:"Nous allons maintenant créer la page de connexion qui permet à l'utilisateur, une fois inscrit, de se connecter à l'espace membre.
";s:7:"pubdate";s:29:"Sat, 26 Oct 2013 15:17:28 GMT";s:7:"summary";s:131:"Nous allons maintenant créer la page de connexion qui permet à l'utilisateur, une fois inscrit, de se connecter à l'espace membre.
";s:14:"date_timestamp";i:1382800648;}i:35;a:6:{s:5:"title";s:48:"Récupération des identifiants de l'espace membre";s:4:"link";s:80:"http://creer-un-site.fr/recuperation-des-identifiants-de-l-espace-membre-276.php";s:11:"description";s:118:"Ce tutoriel décrit comment l'utilisateur peut récupérer ses identifiants de l'espace membre si celui-ci les a perdus.
";s:7:"pubdate";s:29:"Thu, 19 Sep 2013 11:50:21 GMT";s:7:"summary";s:118:"Ce tutoriel décrit comment l'utilisateur peut récupérer ses identifiants de l'espace membre si celui-ci les a perdus.
";s:14:"date_timestamp";i:1379591421;}i:36;a:6:{s:5:"title";s:47:"Confirmation de l'inscription à l'espace membre";s:4:"link";s:79:"http://creer-un-site.fr/confirmation-de-l-inscription-a-l-espace-membre-275.php";s:11:"description";s:103:"Création d'une nouvelle page permettant de confirmer l'inscription de l'utilisateur à l'espace membre.
";s:7:"pubdate";s:29:"Thu, 19 Sep 2013 11:50:21 GMT";s:7:"summary";s:103:"Création d'une nouvelle page permettant de confirmer l'inscription de l'utilisateur à l'espace membre.
";s:14:"date_timestamp";i:1379591421;}i:37;a:6:{s:5:"title";s:43:"Formulaire d'inscription de l'espace membre";s:4:"link";s:75:"http://creer-un-site.fr/formulaire-d-inscription-de-l-espace-membre-274.php";s:11:"description";s:56:"Création du formulaire d'inscription à l'espace membre.
";s:7:"pubdate";s:29:"Thu, 19 Sep 2013 11:50:21 GMT";s:7:"summary";s:56:"Création du formulaire d'inscription à l'espace membre.
";s:14:"date_timestamp";i:1379591421;}i:38;a:6:{s:5:"title";s:49:"Création de la base de données de l'espace membre";s:4:"link";s:81:"http://creer-un-site.fr/creation-de-la-base-de-donnees-de-l-espace-membre-273.php";s:11:"description";s:43:"Création de la table pour l'espace membre.
";s:7:"pubdate";s:29:"Thu, 19 Sep 2013 11:50:21 GMT";s:7:"summary";s:43:"Création de la table pour l'espace membre.
";s:14:"date_timestamp";i:1379591421;}i:39;a:6:{s:5:"title";s:31:"Comment créer un espace membre?";s:4:"link";s:62:"http://creer-un-site.fr/comment-creer-un-espace-membre-272.php";s:11:"description";s:81:"Dans ce tutoriel, nous allons voir comment créer un espace membre administrable.
";s:7:"pubdate";s:29:"Thu, 19 Sep 2013 11:50:21 GMT";s:7:"summary";s:81:"Dans ce tutoriel, nous allons voir comment créer un espace membre administrable.
";s:14:"date_timestamp";i:1379591421;}i:40;a:6:{s:5:"title";s:45:"Insérer du texte en un clique avec Javascript";s:4:"link";s:77:"http://creer-un-site.fr/inserer-du-texte-en-un-clique-avec-javascript-271.php";s:11:"description";s:75:"Comment insérer du texte en un clique dans un textarea grâce à Javascript.
";s:7:"pubdate";s:29:"Thu, 19 Sep 2013 11:50:21 GMT";s:7:"summary";s:75:"Comment insérer du texte en un clique dans un textarea grâce à Javascript.
";s:14:"date_timestamp";i:1379591421;}i:41;a:6:{s:5:"title";s:28:"Propriété transition en CSS3";s:4:"link";s:60:"http://creer-un-site.fr/propriete-transition-en-css3-270.php";s:11:"description";s:125:"La propriété transition en CSS3 permet, lors d'un évènement, une transition d'une ancienne valeur CSS à une nouvelle valeur.
";s:7:"pubdate";s:29:"Thu, 19 Sep 2013 11:50:21 GMT";s:7:"summary";s:125:"La propriété transition en CSS3 permet, lors d'un évènement, une transition d'une ancienne valeur CSS à une nouvelle valeur.
";s:14:"date_timestamp";i:1379591421;}i:42;a:6:{s:5:"title";s:38:"Rotation d'un élément en CSS3 (rotate)";s:4:"link";s:68:"http://creer-un-site.fr/rotation-d-un-element-en-css3-rotate-269.php";s:11:"description";s:121:"La propriété transform associé à l'argument rotate() permet d'obtenir une rotation de l'élément auquel elle est assigné.
";s:7:"pubdate";s:29:"Thu, 19 Sep 2013 11:50:21 GMT";s:7:"summary";s:121:"La propriété transform associé à l'argument rotate() permet d'obtenir une rotation de l'élément auquel elle est assigné.
";s:14:"date_timestamp";i:1379591421;}i:43;a:6:{s:5:"title";s:28:"Ombre portée avec box-shadow";s:4:"link";s:60:"http://creer-un-site.fr/ombre-portee-avec-box-shadow-268.php";s:11:"description";s:92:"Comment créer une ombre portée ou ombrage sur un élément HTML avec la propriété box-shadow.
";s:7:"pubdate";s:29:"Thu, 19 Sep 2013 11:50:21 GMT";s:7:"summary";s:92:"Comment créer une ombre portée ou ombrage sur un élément HTML avec la propriété box-shadow.
";s:14:"date_timestamp";i:1379591421;}i:44;a:6:{s:5:"title";s:31:"Créer des coins arrondis en CSS";s:4:"link";s:63:"http://creer-un-site.fr/creer-des-coins-arrondis-en-css-267.php";s:11:"description";s:114:"Ce tutoriel vous présente comment réaliser des coins arrondis grâce à la propriété border-radius utilisé en CSS3.
";s:7:"pubdate";s:29:"Thu, 19 Sep 2013 11:50:21 GMT";s:7:"summary";s:114:"Ce tutoriel vous présente comment réaliser des coins arrondis grâce à la propriété border-radius utilisé en CSS3.
";s:14:"date_timestamp";i:1379591421;}i:45;a:6:{s:5:"title";s:59:"Comment changer le contenu d'un div sans recharger la page?";s:4:"link";s:90:"http://creer-un-site.fr/comment-changer-le-contenu-d-un-div-sans-recharger-la-page-266.php";s:11:"description";s:109:"Voici un exemple tout simple en javascript qui permet de changer le contenu d'un div sans recharger la page.
";s:7:"pubdate";s:29:"Thu, 19 Sep 2013 11:50:21 GMT";s:7:"summary";s:109:"Voici un exemple tout simple en javascript qui permet de changer le contenu d'un div sans recharger la page.
";s:14:"date_timestamp";i:1379591421;}i:46;a:6:{s:5:"title";s:42:"Formulaire de contacte pour votre site bis";s:4:"link";s:74:"http://creer-un-site.fr/formulaire-de-contacte-pour-votre-site-bis-265.php";s:11:"description";s:160:"Suite au tutoriel sur : « Créer un formulaire de contact pour votre site », voici une nouvelle version de ce formulaire de contacte avec quelques arrangements.
";s:7:"pubdate";s:29:"Thu, 19 Sep 2013 11:50:21 GMT";s:7:"summary";s:160:"Suite au tutoriel sur : « Créer un formulaire de contact pour votre site », voici une nouvelle version de ce formulaire de contacte avec quelques arrangements.
";s:14:"date_timestamp";i:1379591421;}i:47;a:6:{s:5:"title";s:40:"Lire et trier le contenu d'un répertoire";s:4:"link";s:72:"http://creer-un-site.fr/lire-et-trier-le-contenu-d-un-repertoire-264.php";s:11:"description";s:95:"Ce petit tutoriel va vous montrer comment lire et trier le contenu d'un répertoire simplement.
";s:7:"pubdate";s:29:"Thu, 19 Sep 2013 11:50:21 GMT";s:7:"summary";s:95:"Ce petit tutoriel va vous montrer comment lire et trier le contenu d'un répertoire simplement.
";s:14:"date_timestamp";i:1379591421;}i:48;a:6:{s:5:"title";s:47:"Comment ré afficher les données d'un formulaire";s:4:"link";s:79:"http://creer-un-site.fr/comment-re-afficher-les-donnees-d-un-formulaire-263.php";s:11:"description";s:207:"Nous allons voir comment ré afficher les données saisies d'un formulaire suite à l'envoie et ceci dans le but que l'utilisateur n'est pas besoin de tout recommencer si le formulaire est incomplet ou plante.
";s:7:"pubdate";s:29:"Thu, 19 Sep 2013 11:50:21 GMT";s:7:"summary";s:207:"Nous allons voir comment ré afficher les données saisies d'un formulaire suite à l'envoie et ceci dans le but que l'utilisateur n'est pas besoin de tout recommencer si le formulaire est incomplet ou plante.
";s:14:"date_timestamp";i:1379591421;}i:49;a:6:{s:5:"title";s:32:"Page d'erreur 404 du CMS free.fr";s:4:"link";s:64:"http://creer-un-site.fr/page-d-erreur-404-du-cms-free-fr-262.php";s:11:"description";s:164:"Pour faire suite à la mise en place du fichier « htaccess » permettant de rediriger les erreurs de type 404, nous allons créer une nouvelle page nommé « 404.php ».
";s:7:"pubdate";s:29:"Thu, 19 Sep 2013 11:50:21 GMT";s:7:"summary";s:164:"Pour faire suite à la mise en place du fichier « htaccess » permettant de rediriger les erreurs de type 404, nous allons créer une nouvelle page nommé « 404.php ».
";s:14:"date_timestamp";i:1379591421;}i:50;a:6:{s:5:"title";s:45:"htaccess et robots.txt du CMS dédié à free.fr";s:4:"link";s:77:"http://creer-un-site.fr/htaccess-et-robots-txt-du-cms-dedie-a-free-fr-261.php";s:11:"description";s:77:"Création et mise en place d'un fichier robots.txt et d'un fichier .htaccess.
";s:7:"pubdate";s:29:"Thu, 19 Sep 2013 11:50:21 GMT";s:7:"summary";s:77:"Création et mise en place d'un fichier robots.txt et d'un fichier .htaccess.
";s:14:"date_timestamp";i:1379591421;}i:51;a:6:{s:5:"title";s:40:"Création d'un sitemap XML au CMS free.fr";s:4:"link";s:72:"http://creer-un-site.fr/creation-d-un-sitemap-xml-au-cms-free-fr-260.php";s:11:"description";s:148:"Création d'un nouveau fichier nommé « sitemap.php » qui va nous permettre de proposer un plan du site au format XML dédié au moteurs de recherches.
";s:7:"pubdate";s:29:"Thu, 19 Sep 2013 11:50:21 GMT";s:7:"summary";s:148:"Création d'un nouveau fichier nommé « sitemap.php » qui va nous permettre de proposer un plan du site au format XML dédié au moteurs de recherches.
";s:14:"date_timestamp";i:1379591421;}i:52;a:6:{s:5:"title";s:37:"Création d'un flux RSS au CMS free.fr";s:4:"link";s:69:"http://creer-un-site.fr/creation-d-un-flux-rss-au-cms-free-fr-259.php";s:11:"description";s:91:"Création d'un flux RSS affichant les 20 derniers articles tronqués du CMS spécial free.fr.
";s:7:"pubdate";s:29:"Thu, 19 Sep 2013 11:50:21 GMT";s:7:"summary";s:91:"Création d'un flux RSS affichant les 20 derniers articles tronqués du CMS spécial free.fr.
";s:14:"date_timestamp";i:1379591421;}i:53;a:6:{s:5:"title";s:33:"Création du formulaire de contact";s:4:"link";s:65:"http://creer-un-site.fr/creation-du-formulaire-de-contact-258.php";s:11:"description";s:64:"Création du formulaire de contact dédié au CMS spécial Free.fr.
";s:7:"pubdate";s:29:"Thu, 19 Sep 2013 11:50:21 GMT";s:7:"summary";s:64:"Création du formulaire de contact dédié au CMS spécial Free.fr.
";s:14:"date_timestamp";i:1379591421;}i:54;a:6:{s:5:"title";s:43:"Moteur de recherches du CMS spécial Free.fr";s:4:"link";s:75:"http://creer-un-site.fr/moteur-de-recherches-du-cms-special-free-fr-257.php";s:11:"description";s:201:"Nous allons à présent créer le moteur de recherches du CMS spécial Free.fr qui va permettre de rechercher le mot exacte entré par l'internaute dans le titre, la description ou le contenu des articles.
";s:7:"pubdate";s:29:"Thu, 19 Sep 2013 11:50:21 GMT";s:7:"summary";s:201:"Nous allons à présent créer le moteur de recherches du CMS spécial Free.fr qui va permettre de rechercher le mot exacte entré par l'internaute dans le titre, la description ou le contenu des articles.
";s:14:"date_timestamp";i:1379591421;}i:55;a:6:{s:5:"title";s:40:"Désabonnement du système de commentaires";s:4:"link";s:72:"http://creer-un-site.fr/desabonnement-du-systeme-de-commentaires-256.php";s:11:"description";s:66:"Création de la page permettant le désabonnement aux commentaires.
";s:7:"pubdate";s:29:"Thu, 19 Sep 2013 11:50:21 GMT";s:7:"summary";s:66:"Création de la page permettant le désabonnement aux commentaires.
";s:14:"date_timestamp";i:1379591421;}i:56;a:6:{s:5:"title";s:35:"Création du système de commentaires";s:4:"link";s:67:"http://creer-un-site.fr/creation-du-systeme-de-commentaires-255.php";s:11:"description";s:73:"Création et intégration d'un système de commentaires sur chaque article.
";s:7:"pubdate";s:29:"Thu, 19 Sep 2013 11:50:21 GMT";s:7:"summary";s:73:"Création et intégration d'un système de commentaires sur chaque article.
";s:14:"date_timestamp";i:1379591421;}i:57;a:6:{s:5:"title";s:47:"Mise en place de la page affichant les articles";s:4:"link";s:79:"http://creer-un-site.fr/mise-en-place-de-la-page-affichant-les-articles-254.php";s:11:"description";s:106:"Mise en place de la page affichant les articles plus affichage aléatoire d'articles de le même catégorie.
";s:7:"pubdate";s:29:"Thu, 19 Sep 2013 11:50:21 GMT";s:7:"summary";s:106:"Mise en place de la page affichant les articles plus affichage aléatoire d'articles de le même catégorie.
";s:14:"date_timestamp";i:1379591421;}i:58;a:6:{s:5:"title";s:40:"Mise en place des articles par catégorie";s:4:"link";s:72:"http://creer-un-site.fr/mise-en-place-des-articles-par-categorie-253.php";s:11:"description";s:142:"Concevons à présent la page permettant d'afficher les articles appartenant à une catégorie tout en mettant en place un système de pagination.
";s:7:"pubdate";s:29:"Thu, 19 Sep 2013 11:50:21 GMT";s:7:"summary";s:142:"Concevons à présent la page permettant d'afficher les articles appartenant à une catégorie tout en mettant en place un système de pagination.
";s:14:"date_timestamp";i:1379591421;}i:59;a:6:{s:5:"title";s:29:"Mise en place du pied de page";s:4:"link";s:61:"http://creer-un-site.fr/mise-en-place-du-pied-de-page-252.php";s:11:"description";s:88:"Mise en place du pied de page (footer) et clôture de la connexion à la base de données.
";s:7:"pubdate";s:29:"Thu, 19 Sep 2013 11:50:21 GMT";s:7:"summary";s:88:"Mise en place du pied de page (footer) et clôture de la connexion à la base de données.
";s:14:"date_timestamp";i:1379591421;}i:60;a:6:{s:5:"title";s:35:"Mise en place du menu de navigation";s:4:"link";s:67:"http://creer-un-site.fr/mise-en-place-du-menu-de-navigation-251.php";s:11:"description";s:94:"Mise en place des liens de navigation dans le menu afin d?accéder aux différentes catégories.
";s:7:"pubdate";s:29:"Thu, 19 Sep 2013 11:50:21 GMT";s:7:"summary";s:94:"Mise en place des liens de navigation dans le menu afin d?accéder aux différentes catégories.
";s:14:"date_timestamp";i:1379591421;}i:61;a:6:{s:5:"title";s:42:"Mise en place de la page d'accueil du site";s:4:"link";s:74:"http://creer-un-site.fr/mise-en-place-de-la-page-d-accueil-du-site-250.php";s:11:"description";s:83:"Création de la page d'accueil du site affichant les X derniers articles et autres.
";s:7:"pubdate";s:29:"Thu, 19 Sep 2013 11:50:21 GMT";s:7:"summary";s:83:"Création de la page d'accueil du site affichant les X derniers articles et autres.
";s:14:"date_timestamp";i:1379591421;}i:62;a:6:{s:5:"title";s:42:"Protection et connexion à l'administration";s:4:"link";s:74:"http://creer-un-site.fr/protection-et-connexion-a-l-administration-249.php";s:11:"description";s:87:"Protection et connexion à l'administration par l'intermédiaire d'un fichier .htaccess.
";s:7:"pubdate";s:29:"Thu, 19 Sep 2013 11:50:21 GMT";s:7:"summary";s:87:"Protection et connexion à l'administration par l'intermédiaire d'un fichier .htaccess.
";s:14:"date_timestamp";i:1379591421;}i:63;a:6:{s:5:"title";s:50:"Modification en interne de certaines pages du site";s:4:"link";s:82:"http://creer-un-site.fr/modification-en-interne-de-certaines-pages-du-site-248.php";s:11:"description";s:133:"Mise en place d'un fichier permettant de modifier certaines partie du site en interne, ce qui évite l'utilisation d'un logiciel FTP.
";s:7:"pubdate";s:29:"Thu, 19 Sep 2013 11:50:21 GMT";s:7:"summary";s:133:"Mise en place d'un fichier permettant de modifier certaines partie du site en interne, ce qui évite l'utilisation d'un logiciel FTP.
";s:14:"date_timestamp";i:1379591421;}i:64;a:6:{s:5:"title";s:36:"Gestion de la page d'accueil du site";s:4:"link";s:68:"http://creer-un-site.fr/gestion-de-la-page-d-accueil-du-site-247.php";s:11:"description";s:139:"Nous allons maintenant créer une page qui va nous permettre de donner un titre, une description et un contenu à la page d'accueil du site.
";s:7:"pubdate";s:29:"Thu, 19 Sep 2013 11:50:21 GMT";s:7:"summary";s:139:"Nous allons maintenant créer une page qui va nous permettre de donner un titre, une description et un contenu à la page d'accueil du site.
";s:14:"date_timestamp";i:1379591421;}i:65;a:6:{s:5:"title";s:22:"Créer un site internet";s:4:"link";s:54:"http://creer-un-site.fr/creer-un-site-internet-246.php";s:11:"description";s:189:"Si pour vous, créer un site internet est synonyme d'impossible, c'est peut être parce que vous croyez dur comme fer qu'il faut être un as de la programmation ... et bien vous vous plantez!
";s:7:"pubdate";s:29:"Thu, 19 Sep 2013 11:50:21 GMT";s:7:"summary";s:189:"Si pour vous, créer un site internet est synonyme d'impossible, c'est peut être parce que vous croyez dur comme fer qu'il faut être un as de la programmation ... et bien vous vous plantez!
";s:14:"date_timestamp";i:1379591421;}i:66;a:6:{s:5:"title";s:40:"Créez votre site facilement avec WebSelf";s:4:"link";s:72:"http://creer-un-site.fr/creez-votre-site-facilement-avec-webself-245.php";s:11:"description";s:163:"WebSelf est une plateforme de création de sites en ligne qui vous permet de créer votre site de A à Z sans aucune connaissance en programmation ni aucun logiciel.
";s:7:"pubdate";s:29:"Thu, 19 Sep 2013 11:50:21 GMT";s:7:"summary";s:163:"WebSelf est une plateforme de création de sites en ligne qui vous permet de créer votre site de A à Z sans aucune connaissance en programmation ni aucun logiciel.
";s:14:"date_timestamp";i:1379591421;}i:67;a:6:{s:5:"title";s:22:"Onglets dynamiques bis";s:4:"link";s:54:"http://creer-un-site.fr/onglets-dynamiques-bis-244.php";s:11:"description";s:88:"Petit code Javascript et CSS permettant de créer des onglets dynamiques (Dynamic tabs).
";s:7:"pubdate";s:29:"Thu, 19 Sep 2013 11:50:21 GMT";s:7:"summary";s:88:"Petit code Javascript et CSS permettant de créer des onglets dynamiques (Dynamic tabs).
";s:14:"date_timestamp";i:1379591421;}i:68;a:6:{s:5:"title";s:43:"Modification et validation des commentaires";s:4:"link";s:75:"http://creer-un-site.fr/modification-et-validation-des-commentaires-243.php";s:11:"description";s:148:"Nous allons maintenant créer la page qui va nous permettre de modifier, supprimer, black-lister ou valider un commentaire en attente de modération.
";s:7:"pubdate";s:29:"Thu, 19 Sep 2013 11:50:21 GMT";s:7:"summary";s:148:"Nous allons maintenant créer la page qui va nous permettre de modifier, supprimer, black-lister ou valider un commentaire en attente de modération.
";s:14:"date_timestamp";i:1379591421;}i:69;a:6:{s:5:"title";s:43:"Comment afficher le code source d'une page?";s:4:"link";s:74:"http://creer-un-site.fr/comment-afficher-le-code-source-d-une-page-242.php";s:11:"description";s:79:"Voici une petite fonction qui permet d'afficher le code source d'une page web.
";s:7:"pubdate";s:29:"Thu, 19 Sep 2013 11:50:21 GMT";s:7:"summary";s:79:"Voici une petite fonction qui permet d'afficher le code source d'une page web.
";s:14:"date_timestamp";i:1379591421;}i:70;a:6:{s:5:"title";s:24:"Gestion des commentaires";s:4:"link";s:56:"http://creer-un-site.fr/gestion-des-commentaires-241.php";s:11:"description";s:203:"Comme vous le savez ou peut être pas, nous allons inclure un système de commentaires au site et nous allons donc maintenant créer une page qui va nous permettent d'afficher les 25 derniers commentaires.
";s:7:"pubdate";s:29:"Thu, 19 Sep 2013 11:50:21 GMT";s:7:"summary";s:203:"Comme vous le savez ou peut être pas, nous allons inclure un système de commentaires au site et nous allons donc maintenant créer une page qui va nous permettent d'afficher les 25 derniers commentaires.
";s:14:"date_timestamp";i:1379591421;}i:71;a:6:{s:5:"title";s:58:"Création de la page permettant la suppression des articles";s:4:"link";s:90:"http://creer-un-site.fr/creation-de-la-page-permettant-la-suppression-des-articles-240.php";s:11:"description";s:243:"Pour supprimer un article, il faut prendre plusieurs choses en considérations : Supprimer l'enregistrement de l'article en BD ,Supprimer le fichier associé à l'article dans le bon répertoire, Supprimer les commentaires associés à l'article...
";s:7:"pubdate";s:29:"Thu, 19 Sep 2013 11:50:21 GMT";s:7:"summary";s:243:"Pour supprimer un article, il faut prendre plusieurs choses en considérations : Supprimer l'enregistrement de l'article en BD ,Supprimer le fichier associé à l'article dans le bon répertoire, Supprimer les commentaires associés à l'article...
";s:14:"date_timestamp";i:1379591421;}i:72;a:6:{s:5:"title";s:18:"Onglets dynamiques";s:4:"link";s:50:"http://creer-un-site.fr/onglets-dynamiques-239.php";s:11:"description";s:66:"Système d'onglets dynamiques (Dynamic tabs) simple en Javascript.
";s:7:"pubdate";s:29:"Thu, 19 Sep 2013 11:50:21 GMT";s:7:"summary";s:66:"Système d'onglets dynamiques (Dynamic tabs) simple en Javascript.
";s:14:"date_timestamp";i:1379591421;}i:73;a:6:{s:5:"title";s:66:"Comment modifier l'extension de plusieurs fichier automatiquement?";s:4:"link";s:97:"http://creer-un-site.fr/comment-modifier-l-extension-de-plusieurs-fichier-automatiquement-238.php";s:11:"description";s:82:"Voyons un peut comment modifier l'extension de plusieurs fichier automatiquement?
";s:7:"pubdate";s:29:"Thu, 19 Sep 2013 11:50:21 GMT";s:7:"summary";s:82:"Voyons un peut comment modifier l'extension de plusieurs fichier automatiquement?
";s:14:"date_timestamp";i:1379591421;}i:74;a:6:{s:5:"title";s:59:"Création de la page permettant la modification des articles";s:4:"link";s:91:"http://creer-un-site.fr/creation-de-la-page-permettant-la-modification-des-articles-236.php";s:11:"description";s:123:"Création de la page permettant la modification des articles sans oublier la gestion du fichier qui correspond à l'article.
";s:7:"pubdate";s:29:"Thu, 19 Sep 2013 11:50:21 GMT";s:7:"summary";s:123:"Création de la page permettant la modification des articles sans oublier la gestion du fichier qui correspond à l'article.
";s:14:"date_timestamp";i:1379591421;}i:75;a:6:{s:5:"title";s:25:"Pagination des catégories";s:4:"link";s:57:"http://creer-un-site.fr/pagination-des-categories-235.php";s:11:"description";s:50:"Comment créer une pagination dans les catégories.
";s:7:"pubdate";s:29:"Thu, 19 Sep 2013 11:50:21 GMT";s:7:"summary";s:50:"Comment créer une pagination dans les catégories.
";s:14:"date_timestamp";i:1379591421;}i:76;a:6:{s:5:"title";s:56:"Création de la page permettant la rédaction des articles";s:4:"link";s:88:"http://creer-un-site.fr/creation-de-la-page-permettant-la-redaction-des-articles-234.php";s:11:"description";s:117:"Création de la page permettant la rédaction des articles avec enregistrement en base données et création du fichier.
";s:7:"pubdate";s:29:"Thu, 19 Sep 2013 11:50:21 GMT";s:7:"summary";s:117:"Création de la page permettant la rédaction des articles avec enregistrement en base données et création du fichier.
";s:14:"date_timestamp";i:1379591421;}i:77;a:6:{s:5:"title";s:36:"Affichage des articles par catégorie";s:4:"link";s:68:"http://creer-un-site.fr/affichage-des-articles-par-categorie-233.php";s:11:"description";s:115:"Nous allons maintenant créer une page qui permet de lister l'ensemble des articles contenu dans chaque catégories.
";s:7:"pubdate";s:29:"Thu, 19 Sep 2013 11:50:21 GMT";s:7:"summary";s:115:"Nous allons maintenant créer une page qui permet de lister l'ensemble des articles contenu dans chaque catégories.
";s:14:"date_timestamp";i:1379591421;}i:78;a:6:{s:5:"title";s:17:"Fonction nofollow";s:4:"link";s:49:"http://creer-un-site.fr/fonction-nofollow-232.php";s:11:"description";s:145:"La fonction nofollow que je vous proposes ici permet de remplacer tout les liens d'une variable sauf exception en y placent l'attribut nofollow.
";s:7:"pubdate";s:29:"Thu, 19 Sep 2013 11:50:21 GMT";s:7:"summary";s:145:"La fonction nofollow que je vous proposes ici permet de remplacer tout les liens d'une variable sauf exception en y placent l'attribut nofollow.
";s:14:"date_timestamp";i:1379591421;}i:79;a:6:{s:5:"title";s:26:"Suppression des catégories";s:4:"link";s:58:"http://creer-un-site.fr/suppression-des-categories-231.php";s:11:"description";s:40:"Contrôle et suppression des catégories.
";s:7:"pubdate";s:29:"Thu, 19 Sep 2013 11:50:21 GMT";s:7:"summary";s:40:"Contrôle et suppression des catégories.
";s:14:"date_timestamp";i:1379591421;}i:80;a:6:{s:5:"title";s:27:"Modification des catégories";s:4:"link";s:59:"http://creer-un-site.fr/modification-des-categories-230.php";s:11:"description";s:47:"Modification et enregistrement des catégories.
";s:7:"pubdate";s:29:"Thu, 19 Sep 2013 11:50:21 GMT";s:7:"summary";s:47:"Modification et enregistrement des catégories.
";s:14:"date_timestamp";i:1379591421;}i:81;a:6:{s:5:"title";s:41:"Création des catégories et enregistrement";s:4:"link";s:73:"http://creer-un-site.fr/creation-des-categories-et-enregistrement-229.php";s:11:"description";s:159:"Nous allons voir dans ce tutoriel comment vont être créés les catégories et c'est un peut spécial car je vous rappel que l'on n'utilise pas d'url rewriting...
";s:7:"pubdate";s:29:"Thu, 19 Sep 2013 11:50:21 GMT";s:7:"summary";s:159:"Nous allons voir dans ce tutoriel comment vont être créés les catégories et c'est un peut spécial car je vous rappel que l'on n'utilise pas d'url rewriting...
";s:14:"date_timestamp";i:1379591421;}i:82;a:6:{s:5:"title";s:34:"Page d'accueil de l'administration";s:4:"link";s:66:"http://creer-un-site.fr/page-d-accueil-de-l-administration-228.php";s:11:"description";s:51:"Création de la page d'accueil de l'administration.
";s:7:"pubdate";s:29:"Thu, 19 Sep 2013 11:50:21 GMT";s:7:"summary";s:51:"Création de la page d'accueil de l'administration.
";s:14:"date_timestamp";i:1379591421;}i:83;a:6:{s:5:"title";s:30:"Création de la base de données";s:4:"link";s:62:"http://creer-un-site.fr/creation-de-la-base-de-donnees-227.php";s:11:"description";s:92:"Création de la base de données sous WampServer et création du fichier de connexion à la BD.
";s:7:"pubdate";s:29:"Thu, 19 Sep 2013 11:50:21 GMT";s:7:"summary";s:92:"Création de la base de données sous WampServer et création du fichier de connexion à la BD.
";s:14:"date_timestamp";i:1379591421;}i:84;a:6:{s:5:"title";s:17:"Structure du site";s:4:"link";s:49:"http://creer-un-site.fr/structure-du-site-226.php";s:11:"description";s:122:"Histoire de partir sur la même base sans trop se prendre la tête, vous trouverez dans cette section la structure du site.
";s:7:"pubdate";s:29:"Thu, 19 Sep 2013 11:50:21 GMT";s:7:"summary";s:122:"Histoire de partir sur la même base sans trop se prendre la tête, vous trouverez dans cette section la structure du site.
";s:14:"date_timestamp";i:1379591421;}i:85;a:6:{s:5:"title";s:27:"Mise en place de WampServer";s:4:"link";s:59:"http://creer-un-site.fr/mise-en-place-de-wampserver-225.php";s:11:"description";s:45:"Mise en place et modification de WampServer.
";s:7:"pubdate";s:29:"Thu, 19 Sep 2013 11:50:21 GMT";s:7:"summary";s:45:"Mise en place et modification de WampServer.
";s:14:"date_timestamp";i:1379591421;}i:86;a:6:{s:5:"title";s:66:"Introduction à la création d'un site web dynamique dédié à free.fr";s:4:"link";s:98:"http://creer-un-site.fr/introduction-a-la-creation-d-un-site-web-dynamique-dedie-a-free-fr-224.php";s:11:"description";s:96:"Introduction à la création d'un site web dynamique dédié aux services de free.fr (entre autre).
";s:7:"pubdate";s:29:"Thu, 19 Sep 2013 11:50:21 GMT";s:7:"summary";s:96:"Introduction à la création d'un site web dynamique dédié aux services de free.fr (entre autre).
";s:14:"date_timestamp";i:1379591421;}i:87;a:6:{s:5:"title";s:10:"WampServer";s:4:"link";s:42:"http://creer-un-site.fr/wampserver-223.php";s:11:"description";s:241:"WampServer (Windows Apache Mysql PHP) est une plate forme de développement Web sous Windows. En quelques mots, WampServer vous permet de disposer d'un environnement Apache propice au dévellopement d'un site directement sur votre ordinateur.
";s:7:"pubdate";s:29:"Thu, 19 Sep 2013 11:50:21 GMT";s:7:"summary";s:241:"WampServer (Windows Apache Mysql PHP) est une plate forme de développement Web sous Windows. En quelques mots, WampServer vous permet de disposer d'un environnement Apache propice au dévellopement d'un site directement sur votre ordinateur.
";s:14:"date_timestamp";i:1379591421;}i:88;a:6:{s:5:"title";s:23:"Simple galerie d'images";s:4:"link";s:55:"http://creer-un-site.fr/simple-galerie-d-images-222.php";s:11:"description";s:99:"Comment créer simplement une galerie d'images sans être obligé d'utiliser une tonne de Javascript.
";s:7:"pubdate";s:29:"Thu, 19 Sep 2013 11:50:21 GMT";s:7:"summary";s:99:"Comment créer simplement une galerie d'images sans être obligé d'utiliser une tonne de Javascript.
";s:14:"date_timestamp";i:1379591421;}i:89;a:6:{s:5:"title";s:26:"Effet lightbox sur un bloc";s:4:"link";s:58:"http://creer-un-site.fr/effet-lightbox-sur-un-bloc-221.php";s:11:"description";s:107:"Voici un petit effet à la lightbox qui permet d'ouvrir un bloc avec un effet de filtre sur l'arrière plan.
";s:7:"pubdate";s:29:"Thu, 19 Sep 2013 11:50:21 GMT";s:7:"summary";s:107:"Voici un petit effet à la lightbox qui permet d'ouvrir un bloc avec un effet de filtre sur l'arrière plan.
";s:14:"date_timestamp";i:1379591421;}i:90;a:6:{s:5:"title";s:16:"Les redirections";s:4:"link";s:48:"http://creer-un-site.fr/les-redirections-220.php";s:11:"description";s:165:"Rare doivent être les webmasters qui non jamais eu besoin un jour ou l'autre d'effectuer une redirection et pourtant nombreuses sont les raisons qui nous y amènent.
";s:7:"pubdate";s:29:"Thu, 19 Sep 2013 11:50:21 GMT";s:7:"summary";s:165:"Rare doivent être les webmasters qui non jamais eu besoin un jour ou l'autre d'effectuer une redirection et pourtant nombreuses sont les raisons qui nous y amènent.
";s:14:"date_timestamp";i:1379591421;}i:91;a:6:{s:5:"title";s:38:"Générateur de cryptage de mot de passe";s:4:"link";s:70:"http://creer-un-site.fr/generateur-de-cryptage-de-mot-de-passe-219.php";s:11:"description";s:234:"Ce générateur permet de crypter un mot de passe de 3 façons : en md5, en sha1 et en crypt. Crypter un mot de passe est souvent indispensable quand il sagit de sécuriser l'accès à un site internet (.htaccess, base de données, etc...).
";s:7:"pubdate";s:29:"Thu, 19 Sep 2013 11:50:21 GMT";s:7:"summary";s:234:"Ce générateur permet de crypter un mot de passe de 3 façons : en md5, en sha1 et en crypt. Crypter un mot de passe est souvent indispensable quand il sagit de sécuriser l'accès à un site internet (.htaccess, base de données, etc...).
";s:14:"date_timestamp";i:1379591421;}i:92;a:6:{s:5:"title";s:47:"Gabarit XHTML/CSS de trois colonnes extensibles";s:4:"link";s:79:"http://creer-un-site.fr/gabarit-xhtml-css-de-trois-colonnes-extensibles-218.php";s:11:"description";s:84:"Gabarit XHTML/CSS centré de trois colonnes extensibles avec entête et pied de page.
";s:7:"pubdate";s:29:"Thu, 19 Sep 2013 11:50:21 GMT";s:7:"summary";s:84:"Gabarit XHTML/CSS centré de trois colonnes extensibles avec entête et pied de page.
";s:14:"date_timestamp";i:1379591421;}i:93;a:6:{s:5:"title";s:65:"Gabarit XHTML/CSS de deux colonnes extensibles avec menu à gauche";s:4:"link";s:97:"http://creer-un-site.fr/gabarit-xhtml-css-de-deux-colonnes-extensibles-avec-menu-a-gauche-217.php";s:11:"description";s:100:"Gabarit XHTML/CSS centré de deux colonnes extensibles avec menu à gauche et entête et pied de page.
";s:7:"pubdate";s:29:"Thu, 19 Sep 2013 11:50:21 GMT";s:7:"summary";s:100:"Gabarit XHTML/CSS centré de deux colonnes extensibles avec menu à gauche et entête et pied de page.
";s:14:"date_timestamp";i:1379591421;}i:94;a:6:{s:5:"title";s:65:"Gabarit XHTML/CSS de deux colonnes extensibles avec menu à droite";s:4:"link";s:97:"http://creer-un-site.fr/gabarit-xhtml-css-de-deux-colonnes-extensibles-avec-menu-a-droite-216.php";s:11:"description";s:100:"Gabarit XHTML/CSS centré de deux colonnes extensibles avec menu à droite et entête et pied de page.
";s:7:"pubdate";s:29:"Thu, 19 Sep 2013 11:50:21 GMT";s:7:"summary";s:100:"Gabarit XHTML/CSS centré de deux colonnes extensibles avec menu à droite et entête et pied de page.
";s:14:"date_timestamp";i:1379591421;}i:95;a:6:{s:5:"title";s:42:"Gabarit XHTML/CSS d'une colonne extensible";s:4:"link";s:74:"http://creer-un-site.fr/gabarit-xhtml-css-d-une-colonne-extensible-215.php";s:11:"description";s:85:"Gabarit XHTML/CSS centré d'une seule colonne extensible avec entête et pied de page.
";s:7:"pubdate";s:29:"Thu, 19 Sep 2013 11:50:21 GMT";s:7:"summary";s:85:"Gabarit XHTML/CSS centré d'une seule colonne extensible avec entête et pied de page.
";s:14:"date_timestamp";i:1379591421;}i:96;a:6:{s:5:"title";s:95:"Gabarit XHTML/CSS de trois colonnes fixes avec entête et pied de page occupant toute la largeur";s:4:"link";s:127:"http://creer-un-site.fr/gabarit-xhtml-css-de-trois-colonnes-fixes-avec-entete-et-pied-de-page-occupant-toute-la-largeur-214.php";s:11:"description";s:134:"Gabarit XHTML/CSS centré et fixe de trois colonnes de même largeur avec entête et pied de page occupant toute la largeur du document.
";s:7:"pubdate";s:29:"Thu, 19 Sep 2013 11:50:21 GMT";s:7:"summary";s:134:"Gabarit XHTML/CSS centré et fixe de trois colonnes de même largeur avec entête et pied de page occupant toute la largeur du document.
";s:14:"date_timestamp";i:1379591421;}i:97;a:6:{s:5:"title";s:94:"Gabarit XHTML/CSS de deux colonnes fixes avec entête et pied de page occupant toute la largeur";s:4:"link";s:126:"http://creer-un-site.fr/gabarit-xhtml-css-de-deux-colonnes-fixes-avec-entete-et-pied-de-page-occupant-toute-la-largeur-213.php";s:11:"description";s:133:"Gabarit XHTML/CSS centré et fixe de deux colonnes de même largeur avec entête et pied de page occupant toute la largeur du document.
";s:7:"pubdate";s:29:"Thu, 19 Sep 2013 11:50:21 GMT";s:7:"summary";s:133:"Gabarit XHTML/CSS centré et fixe de deux colonnes de même largeur avec entête et pied de page occupant toute la largeur du document.
";s:14:"date_timestamp";i:1379591421;}i:98;a:6:{s:5:"title";s:90:"Gabarit XHTML/CSS d'une colonne fixe avec entête et pied de page occupant toute la largeur";s:4:"link";s:122:"http://creer-un-site.fr/gabarit-xhtml-css-d-une-colonne-fixe-avec-entete-et-pied-de-page-occupant-toute-la-largeur-212.php";s:11:"description";s:120:"Gabarit XHTML/CSS centré et fixe d'une seule colonne avec entête et pied de page occupant toute la largeur du document.
";s:7:"pubdate";s:29:"Thu, 19 Sep 2013 11:50:21 GMT";s:7:"summary";s:120:"Gabarit XHTML/CSS centré et fixe d'une seule colonne avec entête et pied de page occupant toute la largeur du document.
";s:14:"date_timestamp";i:1379591421;}i:99;a:6:{s:5:"title";s:37:"Gabarit XHTML/CSS trois colonne fixes";s:4:"link";s:69:"http://creer-un-site.fr/gabarit-xhtml-css-trois-colonne-fixes-211.php";s:11:"description";s:96:"Gabarit XHTML/CSS centré et fixe de trois colonnes de même largeur avec entête et pied de page.
";s:7:"pubdate";s:29:"Thu, 19 Sep 2013 11:50:21 GMT";s:7:"summary";s:96:"Gabarit XHTML/CSS centré et fixe de trois colonnes de même largeur avec entête et pied de page.
";s:14:"date_timestamp";i:1379591421;}i:100;a:6:{s:5:"title";s:36:"Gabarit XHTML/CSS deux colonne fixes";s:4:"link";s:68:"http://creer-un-site.fr/gabarit-xhtml-css-deux-colonne-fixes-210.php";s:11:"description";s:95:"Gabarit XHTML/CSS centré et fixe de deux colonnes de même largeur avec entête et pied de page.
";s:7:"pubdate";s:29:"Thu, 19 Sep 2013 11:50:21 GMT";s:7:"summary";s:95:"Gabarit XHTML/CSS centré et fixe de deux colonnes de même largeur avec entête et pied de page.
";s:14:"date_timestamp";i:1379591421;}i:101;a:6:{s:5:"title";s:36:"Gabarit XHTML/CSS d'une colonne fixe";s:4:"link";s:68:"http://creer-un-site.fr/gabarit-xhtml-css-d-une-colonne-fixe-209.php";s:11:"description";s:82:"Gabarit XHTML/CSS centré et fixe d'une seule colonne avec entête et pied de page.
";s:7:"pubdate";s:29:"Thu, 19 Sep 2013 11:50:21 GMT";s:7:"summary";s:82:"Gabarit XHTML/CSS centré et fixe d'une seule colonne avec entête et pied de page.
";s:14:"date_timestamp";i:1379591421;}i:102;a:6:{s:5:"title";s:45:"Comment superposer les champs d'un formulaire";s:4:"link";s:77:"http://creer-un-site.fr/comment-superposer-les-champs-d-un-formulaire-208.php";s:11:"description";s:202:"Peut être vous êtes vous déjà posé la question :« Comment fait on pour superposer proprement les champs d'un formulaire les un en dessous des autres? ». C'est simple, en jouant avec les propriétés CSS.
";s:7:"pubdate";s:29:"Thu, 19 Sep 2013 11:50:21 GMT";s:7:"summary";s:202:"Peut être vous êtes vous déjà posé la question :« Comment fait on pour superposer proprement les champs d'un formulaire les un en dessous des autres? ». C'est simple, en jouant avec les propriétés CSS.
";s:14:"date_timestamp";i:1379591421;}i:103;a:6:{s:5:"title";s:74:"Comment placer une image dans un élément de type « input » d'un formulaire";s:4:"link";s:102:"http://creer-un-site.fr/comment-placer-une-image-dans-un-element-de-type-input-d-un-formulaire-207.php";s:11:"description";s:152:"Peut être vous êtes vous déjà demandé comment on fait pour placer une image de fond dans un champ de formulaire comme on le voit sur de nombreux sites.
";s:7:"pubdate";s:29:"Thu, 19 Sep 2013 11:50:21 GMT";s:7:"summary";s:152:"Peut être vous êtes vous déjà demandé comment on fait pour placer une image de fond dans un champ de formulaire comme on le voit sur de nombreux sites.
";s:14:"date_timestamp";i:1379591421;}i:104;a:6:{s:5:"title";s:14:"Les Sprite CSS";s:4:"link";s:46:"http://creer-un-site.fr/les-sprite-css-206.php";s:11:"description";s:151:"C'est quoi un Sprite CSS, à quoi ça sert, comment on l'utilise...Un sprite en CSS est une image regroupant la plupart des images décorative d'un site.
";s:7:"pubdate";s:29:"Thu, 19 Sep 2013 11:50:21 GMT";s:7:"summary";s:151:"C'est quoi un Sprite CSS, à quoi ça sert, comment on l'utilise...Un sprite en CSS est une image regroupant la plupart des images décorative d'un site.
";s:14:"date_timestamp";i:1379591421;}i:105;a:6:{s:5:"title";s:40:"Comment afficher des articles similaires";s:4:"link";s:72:"http://creer-un-site.fr/comment-afficher-des-articles-similaires-205.php";s:11:"description";s:145:"Suite au tutoriel sur la création d'un site dynamique, nous allons voir comment présenter aux internautes des articles similaires aléatoirement.
";s:7:"pubdate";s:29:"Thu, 19 Sep 2013 11:50:21 GMT";s:7:"summary";s:145:"Suite au tutoriel sur la création d'un site dynamique, nous allons voir comment présenter aux internautes des articles similaires aléatoirement.
";s:14:"date_timestamp";i:1379591421;}i:106;a:6:{s:5:"title";s:46:"Supprimer le spam referer de l'index d'un site";s:4:"link";s:78:"http://creer-un-site.fr/supprimer-le-spam-referer-de-l-index-d-un-site-204.php";s:11:"description";s:185:"Le spam referer est grosso modo une méthode qui consiste à pourrir les statistique d'un site en simulant des visites dans le seul but d'obtenir des liens et/ou de potentielles visites.
";s:7:"pubdate";s:29:"Thu, 19 Sep 2013 11:50:21 GMT";s:7:"summary";s:185:"Le spam referer est grosso modo une méthode qui consiste à pourrir les statistique d'un site en simulant des visites dans le seul but d'obtenir des liens et/ou de potentielles visites.
";s:14:"date_timestamp";i:1379591421;}i:107;a:6:{s:5:"title";s:24:"Propriété z-index en CSS";s:4:"link";s:56:"http://creer-un-site.fr/propriete-z-index-en-css-203.php";s:11:"description";s:209:"La propriété css z-index permet de spécifier la position d'empilement ou de superposition d'un bloc par rapport à d'autres blocs. Cette propriété est généralement utilisée pour la création de calques (Layer).
";s:7:"pubdate";s:29:"Thu, 19 Sep 2013 11:50:21 GMT";s:7:"summary";s:209:"La propriété css z-index permet de spécifier la position d'empilement ou de superposition d'un bloc par rapport à d'autres blocs. Cette propriété est généralement utilisée pour la création de calques (Layer).
";s:14:"date_timestamp";i:1379591421;}i:108;a:6:{s:5:"title";s:64:"Intégration du formulaire d'upload CKFinder à l'éditeur CKEditor";s:4:"link";s:96:"http://creer-un-site.fr/integration-du-formulaire-d-upload-ckfinder-a-l-editeur-ckeditor-202.php";s:11:"description";s:85:"Comment intégrer le programme CKFinder (gestionnaire d'upload) à l'éditeur CKEditor.
";s:7:"pubdate";s:29:"Thu, 19 Sep 2013 11:50:21 GMT";s:7:"summary";s:85:"Comment intégrer le programme CKFinder (gestionnaire d'upload) à l'éditeur CKEditor.
";s:14:"date_timestamp";i:1379591421;}i:109;a:6:{s:5:"title";s:15:"Les cookies PHP";s:4:"link";s:47:"http://creer-un-site.fr/les-cookies-php-201.php";s:11:"description";s:293:"Un cookie est un fichier créé par le site que vous consultez (programmé par le webmaster) et implanté dans l'ordinateur du client (vous) si celui-ci l'autorise. Un cookie contient généralement des données qui permet par exemple de reconnaitre un utilisateur de votre site (membre) et de le...
";s:7:"pubdate";s:29:"Thu, 19 Sep 2013 11:50:21 GMT";s:7:"summary";s:293:"Un cookie est un fichier créé par le site que vous consultez (programmé par le webmaster) et implanté dans l'ordinateur du client (vous) si celui-ci l'autorise. Un cookie contient généralement des données qui permet par exemple de reconnaitre un utilisateur de votre site (membre) et de le...
";s:14:"date_timestamp";i:1379591421;}i:110;a:6:{s:5:"title";s:16:"Les sessions PHP";s:4:"link";s:48:"http://creer-un-site.fr/les-sessions-php-200.php";s:11:"description";s:292:"Une session est un mécanisme qui permet de garder temporairement en mémoire des valeurs dans un fichier stocké sur le serveur. Une session permet notamment de stocker des valeurs comme mot de passe et pseudo lors d'une connexion à un espace membre ou plus simplement de faire circuler des...
";s:7:"pubdate";s:29:"Thu, 19 Sep 2013 11:50:21 GMT";s:7:"summary";s:292:"Une session est un mécanisme qui permet de garder temporairement en mémoire des valeurs dans un fichier stocké sur le serveur. Une session permet notamment de stocker des valeurs comme mot de passe et pseudo lors d'une connexion à un espace membre ou plus simplement de faire circuler des...
";s:14:"date_timestamp";i:1379591421;}i:111;a:6:{s:5:"title";s:38:"Nom de domaine et Hébergement internet";s:4:"link";s:70:"http://creer-un-site.fr/nom-de-domaine-et-hebergement-internet-199.php";s:11:"description";s:175:"C'est quoi un Nom de domaine et un hébergement internet? Ou et comment enregistrer un Nom de domaine et pourquoi utiliser un hébergement professionnelle et un nom de domaine.
";s:7:"pubdate";s:29:"Tue, 24 Sep 2013 17:44:18 GMT";s:7:"summary";s:175:"C'est quoi un Nom de domaine et un hébergement internet? Ou et comment enregistrer un Nom de domaine et pourquoi utiliser un hébergement professionnelle et un nom de domaine.
";s:14:"date_timestamp";i:1380044658;}i:112;a:6:{s:5:"title";s:58:"Comment bannir certains mots avec une expression régulière";s:4:"link";s:90:"http://creer-un-site.fr/comment-bannir-certains-mots-avec-une-expression-reguliere-198.php";s:11:"description";s:128:"Il peut être utile de savoir comment remplacer certains mots par autre chose pour éviter par exemple des injures dans un texte.
";s:7:"pubdate";s:29:"Thu, 19 Sep 2013 11:50:21 GMT";s:7:"summary";s:128:"Il peut être utile de savoir comment remplacer certains mots par autre chose pour éviter par exemple des injures dans un texte.
";s:14:"date_timestamp";i:1379591421;}i:113;a:6:{s:5:"title";s:47:"Interdire l'ouverture d'une page dans une frame";s:4:"link";s:79:"http://creer-un-site.fr/interdire-l-ouverture-d-une-page-dans-une-frame-197.php";s:11:"description";s:179:"Comment interdire l'ouverture d'une page dans une frame? Certains sites ont un peut tendances à prendre les webmasters pour des pigeons en utilisant la mise en place d'une frame.
";s:7:"pubdate";s:29:"Thu, 19 Sep 2013 11:50:21 GMT";s:7:"summary";s:179:"Comment interdire l'ouverture d'une page dans une frame? Certains sites ont un peut tendances à prendre les webmasters pour des pigeons en utilisant la mise en place d'une frame.
";s:14:"date_timestamp";i:1379591421;}i:114;a:6:{s:5:"title";s:71:"Fonction strip_tags(). Comment supprimer le HTML et PHP dans une chaine";s:4:"link";s:100:"http://creer-un-site.fr/fonction-strip-tags-comment-supprimer-le-html-et-php-dans-une-chaine-196.php";s:11:"description";s:88:"Comment supprimer le HTML et PHP dans une chaine en utilisant la fonction strip_tags().
";s:7:"pubdate";s:29:"Thu, 19 Sep 2013 11:50:21 GMT";s:7:"summary";s:88:"Comment supprimer le HTML et PHP dans une chaine en utilisant la fonction strip_tags().
";s:14:"date_timestamp";i:1379591421;}i:115;a:6:{s:5:"title";s:73:"Fonction explode. Comment découper une chaine en fonction d'un séparateur";s:4:"link";s:104:"http://creer-un-site.fr/fonction-explode-comment-decouper-une-chaine-en-fonction-d-un-separateur-195.php";s:11:"description";s:92:"Comment découper une chaine en fonction d'un séparateur en utilisant la fonction explode().
";s:7:"pubdate";s:29:"Thu, 19 Sep 2013 11:50:21 GMT";s:7:"summary";s:92:"Comment découper une chaine en fonction d'un séparateur en utilisant la fonction explode().
";s:14:"date_timestamp";i:1379591421;}i:116;a:6:{s:5:"title";s:43:"Fonction nl2br.Insèrer un retour à la ligne";s:4:"link";s:75:"http://creer-un-site.fr/fonction-nl2br-inserer-un-retour-a-la-ligne-194.php";s:11:"description";s:65:"Comment insérer des retours à la ligne avec la fonction nl2br().
";s:7:"pubdate";s:29:"Thu, 19 Sep 2013 11:50:21 GMT";s:7:"summary";s:65:"Comment insérer des retours à la ligne avec la fonction nl2br().
";s:14:"date_timestamp";i:1379591421;}i:117;a:6:{s:5:"title";s:78:"Fonction ltrim(),rtrim(),trim()Supprimer les espaces en début et fin de chaine";s:4:"link";s:105:"http://creer-un-site.fr/fonction-ltrim-rtrim-trim-supprimer-les-espaces-en-debut-et-fin-de-chaine-193.php";s:11:"description";s:112:"Comment supprimer les espaces en début et fin d'une chaine en utilisant les fonctions ltrim(),rtrim()et trim().
";s:7:"pubdate";s:29:"Thu, 19 Sep 2013 11:50:21 GMT";s:7:"summary";s:112:"Comment supprimer les espaces en début et fin d'une chaine en utilisant les fonctions ltrim(),rtrim()et trim().
";s:14:"date_timestamp";i:1379591421;}i:118;a:6:{s:5:"title";s:86:"Fonctions strtolower() et strtoupper(). Convertir une chaine en majuscule ou minuscule";s:4:"link";s:113:"http://creer-un-site.fr/fonctions-strtolower-et-strtoupper-convertir-une-chaine-en-majuscule-ou-minuscule-192.php";s:11:"description";s:93:"Comment convertir une chaine en majuscule ou minuscule grâce à strtolower() et strtoupper().
";s:7:"pubdate";s:29:"Thu, 19 Sep 2013 11:50:21 GMT";s:7:"summary";s:93:"Comment convertir une chaine en majuscule ou minuscule grâce à strtolower() et strtoupper().
";s:14:"date_timestamp";i:1379591421;}i:119;a:6:{s:5:"title";s:59:"Fonction strlen(). Comment connaître la taille d'une chaine";s:4:"link";s:88:"http://creer-un-site.fr/fonction-strlen-comment-connaitre-la-taille-d-une-chaine-191.php";s:11:"description";s:68:"Comment connaître la taille d'une chaine avec la fonction strlen().
";s:7:"pubdate";s:29:"Thu, 19 Sep 2013 11:50:21 GMT";s:7:"summary";s:68:"Comment connaître la taille d'une chaine avec la fonction strlen().
";s:14:"date_timestamp";i:1379591421;}i:120;a:6:{s:5:"title";s:53:"Comment mettre en avant un article en page d'accueil?";s:4:"link";s:84:"http://creer-un-site.fr/comment-mettre-en-avant-un-article-en-page-d-accueil-190.php";s:11:"description";s:227:"Suite à une question posé sur le forum sur la possibilité de pouvoir mettre "à la une", c'est à dire mettre en avant un article en page d'accueil, j'ai décidé de réaliser ce tutoriel pour ceux et celles que ça intéresseraient.
";s:7:"pubdate";s:29:"Thu, 19 Sep 2013 11:50:21 GMT";s:7:"summary";s:227:"Suite à une question posé sur le forum sur la possibilité de pouvoir mettre "à la une", c'est à dire mettre en avant un article en page d'accueil, j'ai décidé de réaliser ce tutoriel pour ceux et celles que ça intéresseraient.
";s:14:"date_timestamp";i:1379591421;}i:121;a:6:{s:5:"title";s:56:"Comment créer un fil d'ariane pour notre site dynamique?";s:4:"link";s:87:"http://creer-un-site.fr/comment-creer-un-fil-d-ariane-pour-notre-site-dynamique-189.php";s:11:"description";s:159:"Dans ce tutoriel lié à la création d'un site dynamique, nous allons voir comment créer et mettre en place un fil d'ariane destiné aux visiteurs de votre site.
";s:7:"pubdate";s:29:"Thu, 19 Sep 2013 11:50:21 GMT";s:7:"summary";s:159:"Dans ce tutoriel lié à la création d'un site dynamique, nous allons voir comment créer et mettre en place un fil d'ariane destiné aux visiteurs de votre site.
";s:14:"date_timestamp";i:1379591421;}i:122;a:6:{s:5:"title";s:35:"Comment rendre un site plus rapide?";s:4:"link";s:66:"http://creer-un-site.fr/comment-rendre-un-site-plus-rapide-188.php";s:11:"description";s:243:"La principale qualité d'un site web (hors son contenu) est sa vitesse de chargement dans le navigateur du client . La vitesse de chargement de celui-ci dépend de plusieurs facteur dont notamment la taille des pages web et de ses composants...
";s:7:"pubdate";s:29:"Thu, 19 Sep 2013 11:50:21 GMT";s:7:"summary";s:243:"La principale qualité d'un site web (hors son contenu) est sa vitesse de chargement dans le navigateur du client . La vitesse de chargement de celui-ci dépend de plusieurs facteur dont notamment la taille des pages web et de ses composants...
";s:14:"date_timestamp";i:1379591421;}i:123;a:6:{s:5:"title";s:52:"Comment créer un flux rss dynamique pour votre site?";s:4:"link";s:83:"http://creer-un-site.fr/comment-creer-un-flux-rss-dynamique-pour-votre-site-187.php";s:11:"description";s:250:"Nombreux sont les webmasters débutant désireux de proposer un flux rss sur leurs sites et tout aussi nombreux sont ils à ne pas savoir comment faire... Nous allons donc voir dans ce petit tutoriel comment créer un flux rss dynamique pour votre site.
";s:7:"pubdate";s:29:"Thu, 19 Sep 2013 11:50:21 GMT";s:7:"summary";s:250:"Nombreux sont les webmasters débutant désireux de proposer un flux rss sur leurs sites et tout aussi nombreux sont ils à ne pas savoir comment faire... Nous allons donc voir dans ce petit tutoriel comment créer un flux rss dynamique pour votre site.
";s:14:"date_timestamp";i:1379591421;}i:124;a:6:{s:5:"title";s:49:"Fonction parse_url(). Comment décomposer une url.";s:4:"link";s:77:"http://creer-un-site.fr/fonction-parse-url-comment-decomposer-une-url-186.php";s:11:"description";s:146:"Comment décomposer une url afin d'en récupérer qu'une partie? La fonction parse_url() permet d'analyser une URL et d'en retourner ses composants.
";s:7:"pubdate";s:29:"Thu, 19 Sep 2013 11:50:21 GMT";s:7:"summary";s:146:"Comment décomposer une url afin d'en récupérer qu'une partie? La fonction parse_url() permet d'analyser une URL et d'en retourner ses composants.
";s:14:"date_timestamp";i:1379591421;}i:125;a:6:{s:5:"title";s:52:"Afficher une image aléatoirement avec du PHP et CSS.";s:4:"link";s:83:"http://creer-un-site.fr/afficher-une-image-aleatoirement-avec-du-php-et-css-185.php";s:11:"description";s:116:"Comment afficher une image aléatoirement en utilisant du PHP et comment créer une feuille de style CSS avec du PHP.
";s:7:"pubdate";s:29:"Thu, 19 Sep 2013 11:50:21 GMT";s:7:"summary";s:116:"Comment afficher une image aléatoirement en utilisant du PHP et comment créer une feuille de style CSS avec du PHP.
";s:14:"date_timestamp";i:1379591421;}i:126;a:6:{s:5:"title";s:40:"fopen() : lire et écrire dans un fichier";s:4:"link";s:68:"http://creer-un-site.fr/fopen-lire-et-ecrire-dans-un-fichier-184.php";s:11:"description";s:264:"Certaines fonctions de PHP permettent de lire et d'écrire dans un fichier,  c'est la cas de la fonction fopen(). Pour ouvrir un fichier, on utilise donc la fonction fopen() auquel nous passons 2 arguments qui sont l'url du fichier et ce que l'on souhaite y faire.
";s:7:"pubdate";s:29:"Thu, 19 Sep 2013 11:50:21 GMT";s:7:"summary";s:264:"Certaines fonctions de PHP permettent de lire et d'écrire dans un fichier,  c'est la cas de la fonction fopen(). Pour ouvrir un fichier, on utilise donc la fonction fopen() auquel nous passons 2 arguments qui sont l'url du fichier et ce que l'on souhaite y faire.
";s:14:"date_timestamp";i:1379591421;}i:127;a:6:{s:5:"title";s:20:"Date et heure en PHP";s:4:"link";s:52:"http://creer-un-site.fr/date-et-heure-en-php-183.php";s:11:"description";s:64:"Voyons un peut comment on manipule les dates et l'heure en PHP.
";s:7:"pubdate";s:29:"Tue, 24 Sep 2013 09:29:14 GMT";s:7:"summary";s:64:"Voyons un peut comment on manipule les dates et l'heure en PHP.
";s:14:"date_timestamp";i:1380014954;}i:128;a:6:{s:5:"title";s:28:"Formulaire d'upload d'images";s:4:"link";s:60:"http://creer-un-site.fr/formulaire-d-upload-d-images-182.php";s:11:"description";s:129:"Nous allons voir dans ce tutoriel comment ajouter à notre site dynamique un formulaire d'upload d'image dédier à chaque article.
";s:7:"pubdate";s:29:"Thu, 19 Sep 2013 11:50:21 GMT";s:7:"summary";s:129:"Nous allons voir dans ce tutoriel comment ajouter à notre site dynamique un formulaire d'upload d'image dédier à chaque article.
";s:14:"date_timestamp";i:1379591421;}i:129;a:6:{s:5:"title";s:58:"Afficher un titre sur une image avec effet de transparence";s:4:"link";s:90:"http://creer-un-site.fr/afficher-un-titre-sur-une-image-avec-effet-de-transparence-181.php";s:11:"description";s:158:"Le principe de ce mini tutoriel est de pouvoir afficher un titre sur la partie basse d'une image et dans un bandeau de couleur avec un effet de transparence.
";s:7:"pubdate";s:29:"Thu, 19 Sep 2013 11:50:21 GMT";s:7:"summary";s:158:"Le principe de ce mini tutoriel est de pouvoir afficher un titre sur la partie basse d'une image et dans un bandeau de couleur avec un effet de transparence.
";s:14:"date_timestamp";i:1379591421;}i:130;a:6:{s:5:"title";s:43:"Comment rendre la page d'accueil dynamique?";s:4:"link";s:74:"http://creer-un-site.fr/comment-rendre-la-page-d-accueil-dynamique-180.php";s:11:"description";s:167:"Nous allons voir comme faire pour écrire sur la page d'accueil directement depuis l'interface d'administration et par la même occasion rendre les méta tags dynamique.
";s:7:"pubdate";s:29:"Thu, 19 Sep 2013 11:50:21 GMT";s:7:"summary";s:167:"Nous allons voir comme faire pour écrire sur la page d'accueil directement depuis l'interface d'administration et par la même occasion rendre les méta tags dynamique.
";s:14:"date_timestamp";i:1379591421;}i:131;a:6:{s:5:"title";s:49:"Modification des liens et inclusion des fonctions";s:4:"link";s:81:"http://creer-un-site.fr/modification-des-liens-et-inclusion-des-fonctions-179.php";s:11:"description";s:141:"Pour terminer la mise en place de l'url rewriting, il nous faut à présent modifier l'ensemble des liens et inclure le fichier des fonctions.
";s:7:"pubdate";s:29:"Thu, 19 Sep 2013 11:50:21 GMT";s:7:"summary";s:141:"Pour terminer la mise en place de l'url rewriting, il nous faut à présent modifier l'ensemble des liens et inclure le fichier des fonctions.
";s:14:"date_timestamp";i:1379591421;}i:132;a:6:{s:5:"title";s:29:"Directive du fichier htaccess";s:4:"link";s:61:"http://creer-un-site.fr/directive-du-fichier-htaccess-178.php";s:11:"description";s:124:"Pour que l'url rewriting fonctionne, il nous faut, par le biais d'un fichier .htaccess, indiquer les directives au serveur.
";s:7:"pubdate";s:29:"Thu, 19 Sep 2013 11:50:21 GMT";s:7:"summary";s:124:"Pour que l'url rewriting fonctionne, il nous faut, par le biais d'un fichier .htaccess, indiquer les directives au serveur.
";s:14:"date_timestamp";i:1379591421;}i:133;a:6:{s:5:"title";s:62:"Création du fichier contenant la fonction pour l'url rewriting";s:4:"link";s:94:"http://creer-un-site.fr/creation-du-fichier-contenant-la-fonction-pour-l-url-rewriting-177.php";s:11:"description";s:109:"Création d'une fonction qui va nous permettre la gestion de l'url rewriting au sein de notre site dynamique.
";s:7:"pubdate";s:29:"Thu, 19 Sep 2013 11:50:21 GMT";s:7:"summary";s:109:"Création d'une fonction qui va nous permettre la gestion de l'url rewriting au sein de notre site dynamique.
";s:14:"date_timestamp";i:1379591421;}i:134;a:6:{s:5:"title";s:38:"Comment rewriter notre site dynamique?";s:4:"link";s:69:"http://creer-un-site.fr/comment-rewriter-notre-site-dynamique-176.php";s:11:"description";s:124:"L'url rewriting consiste en gros à modifier la structure des liens afin d'insérer généralement des mots clés dans celui-ci.
";s:7:"pubdate";s:29:"Thu, 19 Sep 2013 11:50:21 GMT";s:7:"summary";s:124:"L'url rewriting consiste en gros à modifier la structure des liens afin d'insérer généralement des mots clés dans celui-ci.
";s:14:"date_timestamp";i:1379591421;}i:135;a:6:{s:5:"title";s:46:"Changer l'aspect du curseur ou pointeur en CSS";s:4:"link";s:78:"http://creer-un-site.fr/changer-l-aspect-du-curseur-ou-pointeur-en-css-175.php";s:11:"description";s:216:"Changer l'aspect du curseur ou pointeur en CSS. La propriété cursor permet de changer l'aspect du curseur sur un élément d'une page web. Pour l'utiliser, il faut simplement appliquer le style CSS à l'élément désiré.
";s:7:"pubdate";s:29:"Thu, 19 Sep 2013 11:50:21 GMT";s:7:"summary";s:216:"Changer l'aspect du curseur ou pointeur en CSS. La propriété cursor permet de changer l'aspect du curseur sur un élément d'une page web. Pour l'utiliser, il faut simplement appliquer le style CSS à l'élément désiré.
";s:14:"date_timestamp";i:1379591421;}i:136;a:6:{s:5:"title";s:27:"Compte à rebours Javascript";s:4:"link";s:59:"http://creer-un-site.fr/compte-a-rebours-javascript-174.php";s:11:"description";s:45:"Petit code d'un compte à rebours Javascript.
";s:7:"pubdate";s:29:"Thu, 19 Sep 2013 11:50:21 GMT";s:7:"summary";s:45:"Petit code d'un compte à rebours Javascript.
";s:14:"date_timestamp";i:1379591421;}i:137;a:6:{s:5:"title";s:24:"Propriété display en CSS";s:4:"link";s:56:"http://creer-un-site.fr/propriete-display-en-css-173.php";s:11:"description";s:235:"La propriété display en CSS permet de définir le type de rendu à utiliser d'un élément. Par exemple, le langage XHTML utilise des balises qui sont de type bloc et inline et qui ont un comportement bien défini si on utilise pas de CSS.
";s:7:"pubdate";s:29:"Thu, 19 Sep 2013 11:50:21 GMT";s:7:"summary";s:235:"La propriété display en CSS permet de définir le type de rendu à utiliser d'un élément. Par exemple, le langage XHTML utilise des balises qui sont de type bloc et inline et qui ont un comportement bien défini si on utilise pas de CSS.
";s:14:"date_timestamp";i:1379591421;}i:138;a:6:{s:5:"title";s:24:"Pagination page par page";s:4:"link";s:56:"http://creer-un-site.fr/pagination-page-par-page-172.php";s:11:"description";s:143:"Voici un petit bout de code près à l'utilisation, permettant d'effectuer une pagination et de choisir le nombre d'élément à afficher par page.
";s:7:"pubdate";s:29:"Thu, 19 Sep 2013 11:50:21 GMT";s:7:"summary";s:143:"Voici un petit bout de code près à l'utilisation, permettant d'effectuer une pagination et de choisir le nombre d'élément à afficher par page.
";s:14:"date_timestamp";i:1379591421;}i:139;a:6:{s:5:"title";s:34:"Création d'un moteur de recherches";s:4:"link";s:66:"http://creer-un-site.fr/creation-d-un-moteur-de-recherches-171.php";s:11:"description";s:53:"Création et mise en place d'un moteur de recherches.
";s:7:"pubdate";s:29:"Thu, 19 Sep 2013 11:50:21 GMT";s:7:"summary";s:53:"Création et mise en place d'un moteur de recherches.
";s:14:"date_timestamp";i:1379591421;}i:140;a:6:{s:5:"title";s:32:"Création d'un flux rss dynamique";s:4:"link";s:64:"http://creer-un-site.fr/creation-d-un-flux-rss-dynamique-170.php";s:11:"description";s:96:"Histoire d'étoffer un petit peut notre site dynamique, nous allons créer un flux RSS dynamique.
";s:7:"pubdate";s:29:"Thu, 19 Sep 2013 11:50:21 GMT";s:7:"summary";s:96:"Histoire d'étoffer un petit peut notre site dynamique, nous allons créer un flux RSS dynamique.
";s:14:"date_timestamp";i:1379591421;}i:141;a:6:{s:5:"title";s:31:"Création d'un sitemap dynamique";s:4:"link";s:63:"http://creer-un-site.fr/creation-d-un-sitemap-dynamique-169.php";s:11:"description";s:156:"Histoire que notre ami Google trouve nos pages un peut plus rapidement et sans trop se fatiguer (pauvre robots ^^), nous allons créer un sitemap dynamique.
";s:7:"pubdate";s:29:"Thu, 19 Sep 2013 11:50:21 GMT";s:7:"summary";s:156:"Histoire que notre ami Google trouve nos pages un peut plus rapidement et sans trop se fatiguer (pauvre robots ^^), nous allons créer un sitemap dynamique.
";s:14:"date_timestamp";i:1379591421;}i:142;a:6:{s:5:"title";s:30:"Protection de l'administration";s:4:"link";s:62:"http://creer-un-site.fr/protection-de-l-administration-168.php";s:11:"description";s:155:"Maintenant que notre site dynamique est terminé, il serait préférable de protéger l'administration de toutes intrusions en utilisant le fichier .htaccess.
";s:7:"pubdate";s:29:"Thu, 19 Sep 2013 11:50:21 GMT";s:7:"summary";s:155:"Maintenant que notre site dynamique est terminé, il serait préférable de protéger l'administration de toutes intrusions en utilisant le fichier .htaccess.
";s:14:"date_timestamp";i:1379591421;}i:143;a:6:{s:5:"title";s:18:"Navigation du site";s:4:"link";s:50:"http://creer-un-site.fr/navigation-du-site-167.php";s:11:"description";s:170:"Nous allons maintenant créer le menu qui va nous permettre de naviguer sur tout le site. Nous reprenons donc le fichier que nous avons créé au tout début de ce tutoriel.
";s:7:"pubdate";s:29:"Thu, 19 Sep 2013 11:50:21 GMT";s:7:"summary";s:170:"Nous allons maintenant créer le menu qui va nous permettre de naviguer sur tout le site. Nous reprenons donc le fichier que nous avons créé au tout début de ce tutoriel.
";s:14:"date_timestamp";i:1379591421;}i:144;a:6:{s:5:"title";s:29:"Création de la page catégorie";s:4:"link";s:61:"http://creer-un-site.fr/creation-de-la-page-categorie-166.php";s:11:"description";s:99:"Création et mise en place de la page catégorie permettant de regrouper les articles par catégorie.
";s:7:"pubdate";s:29:"Thu, 19 Sep 2013 11:50:21 GMT";s:7:"summary";s:99:"Création et mise en place de la page catégorie permettant de regrouper les articles par catégorie.
";s:14:"date_timestamp";i:1379591421;}i:145;a:6:{s:5:"title";s:42:"Création de la page affichant les articles";s:4:"link";s:74:"http://creer-un-site.fr/creation-de-la-page-affichant-les-articles-165.php";s:11:"description";s:189:"Nous allons maintenant créer une nouvelle page nommé "page.php" et qui sera enregistré dans le dossier "creer-un-site-dynamique" , qui va nous permettre d'afficher le contenu des articles.
";s:7:"pubdate";s:29:"Thu, 19 Sep 2013 11:50:21 GMT";s:7:"summary";s:189:"Nous allons maintenant créer une nouvelle page nommé "page.php" et qui sera enregistré dans le dossier "creer-un-site-dynamique" , qui va nous permettre d'afficher le contenu des articles.
";s:14:"date_timestamp";i:1379591421;}i:146;a:6:{s:5:"title";s:37:"Création de la page d'accueil du site";s:4:"link";s:69:"http://creer-un-site.fr/creation-de-la-page-d-accueil-du-site-164.php";s:11:"description";s:237:"Dans cette étape, nous allons créer un nouveau fichier qui sera la page d'accueil du site. La création et mise en place de la page d'accueil du site est très simple et fonctionne comme la  plupart des systèmes de blogs (je crois ^^...).
";s:7:"pubdate";s:29:"Thu, 19 Sep 2013 11:50:21 GMT";s:7:"summary";s:237:"Dans cette étape, nous allons créer un nouveau fichier qui sera la page d'accueil du site. La création et mise en place de la page d'accueil du site est très simple et fonctionne comme la  plupart des systèmes de blogs (je crois ^^...).
";s:14:"date_timestamp";i:1379591421;}i:147;a:6:{s:5:"title";s:21:"Mise en place du menu";s:4:"link";s:53:"http://creer-un-site.fr/mise-en-place-du-menu-163.php";s:11:"description";s:127:"Nous allons maintenant mettre en place notre menu qui va nous permettre une navigation plus aisé au seins de l'administration.
";s:7:"pubdate";s:29:"Thu, 19 Sep 2013 11:50:21 GMT";s:7:"summary";s:127:"Nous allons maintenant mettre en place notre menu qui va nous permettre une navigation plus aisé au seins de l'administration.
";s:14:"date_timestamp";i:1379591421;}i:148;a:6:{s:5:"title";s:21:"Suppression des pages";s:4:"link";s:53:"http://creer-un-site.fr/suppression-des-pages-162.php";s:11:"description";s:169:"Nous créons une nouvelle page qui va nous permettre de supprimer les articles. Cette page, dans sa conception, ressemble à celle permettant de supprimer les catégories.
";s:7:"pubdate";s:29:"Thu, 19 Sep 2013 11:50:21 GMT";s:7:"summary";s:169:"Nous créons une nouvelle page qui va nous permettre de supprimer les articles. Cette page, dans sa conception, ressemble à celle permettant de supprimer les catégories.
";s:14:"date_timestamp";i:1379591421;}i:149;a:6:{s:5:"title";s:40:"Modification et enregistrement des pages";s:4:"link";s:72:"http://creer-un-site.fr/modification-et-enregistrement-des-pages-161.php";s:11:"description";s:86:"Création d'une nouvelle page qui va nous permettre de modifier nos pages ou articles.
";s:7:"pubdate";s:29:"Thu, 19 Sep 2013 11:50:21 GMT";s:7:"summary";s:86:"Création d'une nouvelle page qui va nous permettre de modifier nos pages ou articles.
";s:14:"date_timestamp";i:1379591421;}i:150;a:6:{s:5:"title";s:50:"Création de la page pour la rédaction des articles";s:4:"link";s:82:"http://creer-un-site.fr/creation-de-la-page-pour-la-redaction-des-articles-160.php";s:11:"description";s:259:"Nous allons maintenant créer la page qui va nous permettre la rédaction des articles ou autres.La création de cette page est un peut particulière car nous allons utiliser un éditeur WYSIWYG (What You See Is What You Get) pour rédiger le contenu de nos pages.
";s:7:"pubdate";s:29:"Thu, 19 Sep 2013 11:50:21 GMT";s:7:"summary";s:259:"Nous allons maintenant créer la page qui va nous permettre la rédaction des articles ou autres.La création de cette page est un peut particulière car nous allons utiliser un éditeur WYSIWYG (What You See Is What You Get) pour rédiger le contenu de nos pages.
";s:14:"date_timestamp";i:1379591421;}i:151;a:6:{s:5:"title";s:55:"Modification et suppression des articles par catégories";s:4:"link";s:87:"http://creer-un-site.fr/modification-et-suppression-des-articles-par-categories-159.php";s:11:"description";s:155:"Nous allons créer une nouvelle page qui va nous permettre de regrouper nos articles par catégorie dans le but de pouvoir les modifier ou de les supprimer.
";s:7:"pubdate";s:29:"Thu, 19 Sep 2013 11:50:21 GMT";s:7:"summary";s:155:"Nous allons créer une nouvelle page qui va nous permettre de regrouper nos articles par catégorie dans le but de pouvoir les modifier ou de les supprimer.
";s:14:"date_timestamp";i:1379591421;}i:152;a:6:{s:5:"title";s:26:"Suppression des catégories";s:4:"link";s:58:"http://creer-un-site.fr/suppression-des-categories-158.php";s:11:"description";s:74:"Mise en place d'une nouvelle page permettant de supprimer les catégories.
";s:7:"pubdate";s:29:"Thu, 19 Sep 2013 11:50:21 GMT";s:7:"summary";s:74:"Mise en place d'une nouvelle page permettant de supprimer les catégories.
";s:14:"date_timestamp";i:1379591421;}i:153;a:6:{s:5:"title";s:45:"Modification et enregistrement des catégories";s:4:"link";s:77:"http://creer-un-site.fr/modification-et-enregistrement-des-categories-157.php";s:11:"description";s:99:"Nous allons créer une nouvelle page permettant la modification et l'enregistrement des catégories.
";s:7:"pubdate";s:29:"Thu, 19 Sep 2013 11:50:21 GMT";s:7:"summary";s:99:"Nous allons créer une nouvelle page permettant la modification et l'enregistrement des catégories.
";s:14:"date_timestamp";i:1379591421;}i:154;a:6:{s:5:"title";s:41:"Création et enregistrement des catégories";s:4:"link";s:73:"http://creer-un-site.fr/creation-et-enregistrement-des-categories-156.php";s:11:"description";s:109:"Nous allons maintenant créer la page permettant de créer et d'enregistrer les catégories en base de données.
";s:7:"pubdate";s:29:"Thu, 19 Sep 2013 11:50:21 GMT";s:7:"summary";s:109:"Nous allons maintenant créer la page permettant de créer et d'enregistrer les catégories en base de données.
";s:14:"date_timestamp";i:1379591421;}i:155;a:6:{s:5:"title";s:49:"Création de la page d'accueil de l'administration";s:4:"link";s:81:"http://creer-un-site.fr/creation-de-la-page-d-accueil-de-l-administration-155.php";s:11:"description";s:104:"Comme il faut bien commencer par quelque part, nous allons créer la page d'accueil de l'administration.
";s:7:"pubdate";s:29:"Mon, 28 Oct 2013 06:40:18 GMT";s:7:"summary";s:104:"Comme il faut bien commencer par quelque part, nous allons créer la page d'accueil de l'administration.
";s:14:"date_timestamp";i:1382942418;}i:156;a:6:{s:5:"title";s:30:"Création de la base de données";s:4:"link";s:62:"http://creer-un-site.fr/creation-de-la-base-de-donnees-154.php";s:11:"description";s:199:"Pour la création de la base de données, nous allons au plus simple. Nous allons créer 2 tables permettant d'une part, d'enregistrer les différentes catégories et d'autre part le contenu ou articles.
";s:7:"pubdate";s:29:"Thu, 19 Sep 2013 11:50:21 GMT";s:7:"summary";s:199:"Pour la création de la base de données, nous allons au plus simple. Nous allons créer 2 tables permettant d'une part, d'enregistrer les différentes catégories et d'autre part le contenu ou articles.
";s:14:"date_timestamp";i:1379591421;}i:157;a:6:{s:5:"title";s:33:"Structure et mise en page du site";s:4:"link";s:65:"http://creer-un-site.fr/structure-et-mise-en-page-du-site-153.php";s:11:"description";s:73:"Structure et mise en page du site grâce au langage au XHTML, CSS et PHP.
";s:7:"pubdate";s:29:"Thu, 19 Sep 2013 11:50:21 GMT";s:7:"summary";s:73:"Structure et mise en page du site grâce au langage au XHTML, CSS et PHP.
";s:14:"date_timestamp";i:1379591421;}i:158;a:6:{s:5:"title";s:50:"Introduction à la création d'un site web dynamique";s:4:"link";s:82:"http://creer-un-site.fr/introduction-a-la-creation-d-un-site-web-dynamique-152.php";s:11:"description";s:126:"Que faut t'il pour créer un site web dynamique. De quoi allons nous avoir besoin? Plein de questions et quelques réponses ;)!
";s:7:"pubdate";s:29:"Thu, 19 Sep 2013 11:50:21 GMT";s:7:"summary";s:126:"Que faut t'il pour créer un site web dynamique. De quoi allons nous avoir besoin? Plein de questions et quelques réponses ;)!
";s:14:"date_timestamp";i:1379591421;}i:159;a:6:{s:5:"title";s:48:"Comment afficher plusieurs pages dans une seule?";s:4:"link";s:79:"http://creer-un-site.fr/comment-afficher-plusieurs-pages-dans-une-seule-151.php";s:11:"description";s:227:"Une question qui me revient assez souvent est : Comment afficher plusieurs pages en une seule? ou Comment afficher du contenu différent sans changer de page? ou Comment changer le contenu d'un div sans changer de page?, etc...
";s:7:"pubdate";s:29:"Thu, 19 Sep 2013 11:50:21 GMT";s:7:"summary";s:227:"Une question qui me revient assez souvent est : Comment afficher plusieurs pages en une seule? ou Comment afficher du contenu différent sans changer de page? ou Comment changer le contenu d'un div sans changer de page?, etc...
";s:14:"date_timestamp";i:1379591421;}i:160;a:6:{s:5:"title";s:37:"Comment contrôler et vérifier une url";s:4:"link";s:69:"http://creer-un-site.fr/comment-controler-et-verifier-une-url-150.php";s:11:"description";s:80:"Comment contrôler l'existence d'une url et vérifier son extension grâce au PHP?
";s:7:"pubdate";s:29:"Thu, 19 Sep 2013 11:50:21 GMT";s:7:"summary";s:80:"Comment contrôler l'existence d'une url et vérifier son extension grâce au PHP?
";s:14:"date_timestamp";i:1379591421;}i:161;a:6:{s:5:"title";s:33:"Mise en forme CSS d'un formulaire";s:4:"link";s:65:"http://creer-un-site.fr/mise-en-forme-css-d-un-formulaire-149.php";s:11:"description";s:64:"Comment styliser et mettre en forme un formulaire grâce au CSS.
";s:7:"pubdate";s:29:"Thu, 19 Sep 2013 11:50:21 GMT";s:7:"summary";s:64:"Comment styliser et mettre en forme un formulaire grâce au CSS.
";s:14:"date_timestamp";i:1379591421;}i:162;a:6:{s:5:"title";s:46:"Créer des colonnes en CSS à partir d'une liste";s:4:"link";s:78:"http://creer-un-site.fr/creer-des-colonnes-en-css-a-partir-d-une-liste-148.php";s:11:"description";s:68:"Comment créer des colonnes en utilisant le CSS et une simple liste?
";s:7:"pubdate";s:29:"Thu, 19 Sep 2013 11:50:21 GMT";s:7:"summary";s:68:"Comment créer des colonnes en utilisant le CSS et une simple liste?
";s:14:"date_timestamp";i:1379591421;}i:163;a:6:{s:5:"title";s:36:"Rollover en CSS avec une seule image";s:4:"link";s:68:"http://creer-un-site.fr/rollover-en-css-avec-une-seule-image-147.php";s:11:"description";s:89:"Comment effectuer un rollover d'une image en CSS en utilisant une seule et unique image.
";s:7:"pubdate";s:29:"Thu, 19 Sep 2013 11:50:21 GMT";s:7:"summary";s:89:"Comment effectuer un rollover d'une image en CSS en utilisant une seule et unique image.
";s:14:"date_timestamp";i:1379591421;}i:164;a:6:{s:5:"title";s:31:"Mise en forme des listes en CSS";s:4:"link";s:63:"http://creer-un-site.fr/mise-en-forme-des-listes-en-css-146.php";s:11:"description";s:99:"Mise en forme des listes en CSS. Propriété list-style-type, list-style-image, list-style-position.
";s:7:"pubdate";s:29:"Thu, 19 Sep 2013 11:50:21 GMT";s:7:"summary";s:99:"Mise en forme des listes en CSS. Propriété list-style-type, list-style-image, list-style-position.
";s:14:"date_timestamp";i:1379591421;}i:165;a:6:{s:5:"title";s:19:"Les tableaux en PHP";s:4:"link";s:51:"http://creer-un-site.fr/les-tableaux-en-php-145.php";s:11:"description";s:66:"Comment créer un tableau en PHP en utilisant la fonction array().
";s:7:"pubdate";s:29:"Thu, 19 Sep 2013 11:50:21 GMT";s:7:"summary";s:66:"Comment créer un tableau en PHP en utilisant la fonction array().
";s:14:"date_timestamp";i:1379591421;}i:166;a:6:{s:5:"title";s:10:"Les frames";s:4:"link";s:42:"http://creer-un-site.fr/les-frames-144.php";s:11:"description";s:116:"Les frames (cadres en Français) permettent d'afficher plusieurs pages HTML au sein d'une même page dans des cadres.
";s:7:"pubdate";s:29:"Thu, 19 Sep 2013 11:50:21 GMT";s:7:"summary";s:116:"Les frames (cadres en Français) permettent d'afficher plusieurs pages HTML au sein d'une même page dans des cadres.
";s:14:"date_timestamp";i:1379591421;}i:167;a:6:{s:5:"title";s:30:"Annuaire des ressources du web";s:4:"link";s:62:"http://creer-un-site.fr/annuaire-des-ressources-du-web-143.php";s:11:"description";s:153:"L'annuaire des ressources du web est un petit répertoire qui liste quelques ressources du web permettant d'aider à la création et gestion d'un site web!
";s:7:"pubdate";s:29:"Thu, 19 Sep 2013 11:50:21 GMT";s:7:"summary";s:153:"L'annuaire des ressources du web est un petit répertoire qui liste quelques ressources du web permettant d'aider à la création et gestion d'un site web!
";s:14:"date_timestamp";i:1379591421;}i:168;a:6:{s:5:"title";s:24:"Suppressions des données";s:4:"link";s:56:"http://creer-un-site.fr/suppressions-des-donnees-142.php";s:11:"description";s:201:"Nous voila arrivé au terme de ce tutoriel sur l'Initiation aux requêtes SQL avec PHP. Cette dernière étape va vous permettre de voir et comprendre comment on supprime des données depuis un formulaire.
";s:7:"pubdate";s:29:"Thu, 19 Sep 2013 11:50:21 GMT";s:7:"summary";s:201:"Nous voila arrivé au terme de ce tutoriel sur l'Initiation aux requêtes SQL avec PHP. Cette dernière étape va vous permettre de voir et comprendre comment on supprime des données depuis un formulaire.
";s:14:"date_timestamp";i:1379591421;}i:169;a:6:{s:5:"title";s:44:"Modifications et enregistrements des données";s:4:"link";s:76:"http://creer-un-site.fr/modifications-et-enregistrements-des-donnees-141.php";s:11:"description";s:127:"Nous allons dans cette partie, voir comment on récupère et affiche les données transmit par l'url et comment on les modifient.
";s:7:"pubdate";s:29:"Thu, 19 Sep 2013 11:50:21 GMT";s:7:"summary";s:127:"Nous allons dans cette partie, voir comment on récupère et affiche les données transmit par l'url et comment on les modifient.
";s:14:"date_timestamp";i:1379591421;}i:170;a:6:{s:5:"title";s:30:"Boucle while() et boucle for()";s:4:"link";s:58:"http://creer-un-site.fr/boucle-while-et-boucle-for-140.php";s:11:"description";s:117:"La boucle while() et la boucle for() permettent de répéter une suite d'instructions tant qu'une condition est vraie.
";s:7:"pubdate";s:29:"Thu, 19 Sep 2013 11:50:21 GMT";s:7:"summary";s:117:"La boucle while() et la boucle for() permettent de répéter une suite d'instructions tant qu'une condition est vraie.
";s:14:"date_timestamp";i:1379591421;}i:171;a:6:{s:5:"title";s:28:"Création de l'administration";s:4:"link";s:60:"http://creer-un-site.fr/creation-de-l-administration-139.php";s:11:"description";s:129:"Nous allons voir dans cette partie comment créer une interface d'administration afin de pouvoir modifier ou effacer des données.
";s:7:"pubdate";s:29:"Thu, 19 Sep 2013 11:50:21 GMT";s:7:"summary";s:129:"Nous allons voir dans cette partie comment créer une interface d'administration afin de pouvoir modifier ou effacer des données.
";s:14:"date_timestamp";i:1379591421;}i:172;a:6:{s:5:"title";s:21:"Affichage des données";s:4:"link";s:53:"http://creer-un-site.fr/affichage-des-donnees-138.php";s:11:"description";s:220:"Dans cette partie du tutorielle, nous allons voir comment  afficher les données de notre table COMMENTAIRES. Pour ce faire, nous allons utiliser plusieurs fonctions indispensables et notamment la fameuse boucle while().
";s:7:"pubdate";s:29:"Thu, 19 Sep 2013 11:50:21 GMT";s:7:"summary";s:220:"Dans cette partie du tutorielle, nous allons voir comment  afficher les données de notre table COMMENTAIRES. Pour ce faire, nous allons utiliser plusieurs fonctions indispensables et notamment la fameuse boucle while().
";s:14:"date_timestamp";i:1379591421;}i:173;a:6:{s:5:"title";s:44:"Vérifications et enregistrements des données";s:4:"link";s:76:"http://creer-un-site.fr/verifications-et-enregistrements-des-donnees-137.php";s:11:"description";s:229:"Nous allons, dans cette partie et en plusieurs étape, voir comment vérifier les données transmit par formulaire, comment préparer les données à l'enregistrement et enfin, comment enregistrer celles-ci dans votre base de données.
";s:7:"pubdate";s:29:"Thu, 19 Sep 2013 11:50:21 GMT";s:7:"summary";s:229:"Nous allons, dans cette partie et en plusieurs étape, voir comment vérifier les données transmit par formulaire, comment préparer les données à l'enregistrement et enfin, comment enregistrer celles-ci dans votre base de données.
";s:14:"date_timestamp";i:1379591421;}i:174;a:6:{s:5:"title";s:24:"Création d'un formulaire";s:4:"link";s:56:"http://creer-un-site.fr/creation-d-un-formulaire-136.php";s:11:"description";s:106:"Création d'un formulaire. Pour manipuler, ajouter, supprimer des données SQL, on utilise les formulaires.
";s:7:"pubdate";s:29:"Thu, 19 Sep 2013 11:50:21 GMT";s:7:"summary";s:106:"Création d'un formulaire. Pour manipuler, ajouter, supprimer des données SQL, on utilise les formulaires.
";s:14:"date_timestamp";i:1379591421;}i:175;a:6:{s:5:"title";s:36:"Exemple d'une page créée avec du CSS";s:4:"link";s:68:"http://creer-un-site.fr/exemple-d-une-page-creee-avec-du-css-135.php";s:11:"description";s:131:"Exemple d'une page créée avec du CSS. Cette page est une simple démonstration d'un site basé sur l'utilisation du CSS et du XHTML.
";s:7:"pubdate";s:29:"Thu, 19 Sep 2013 11:50:21 GMT";s:7:"summary";s:131:"Exemple d'une page créée avec du CSS. Cette page est une simple démonstration d'un site basé sur l'utilisation du CSS et du XHTML.
";s:14:"date_timestamp";i:1379591421;}i:176;a:6:{s:5:"title";s:36:"SQL-Tri et regroupement de résultats";s:4:"link";s:68:"http://creer-un-site.fr/sql-tri-et-regroupement-de-resultats-134.php";s:11:"description";s:101:"Certaines commandes SQL permettent d'effectuer des calcules assez facilement. AVG,SUM,COUNT,MIN,MAX.
";s:7:"pubdate";s:29:"Thu, 19 Sep 2013 11:50:21 GMT";s:7:"summary";s:101:"Certaines commandes SQL permettent d'effectuer des calcules assez facilement. AVG,SUM,COUNT,MIN,MAX.
";s:14:"date_timestamp";i:1379591421;}i:177;a:6:{s:5:"title";s:30:"SQL-Clause WHERE et conditions";s:4:"link";s:62:"http://creer-un-site.fr/sql-clause-where-et-conditions-133.php";s:11:"description";s:104:"En SQL, on utilise la clause WHERE associées à des conditions. Clause WHERE, DISTINCT, GROUP BY, LIMIT.
";s:7:"pubdate";s:29:"Thu, 19 Sep 2013 11:50:21 GMT";s:7:"summary";s:104:"En SQL, on utilise la clause WHERE associées à des conditions. Clause WHERE, DISTINCT, GROUP BY, LIMIT.
";s:14:"date_timestamp";i:1379591421;}i:178;a:6:{s:5:"title";s:19:"SQL-Commande SELECT";s:4:"link";s:51:"http://creer-un-site.fr/sql-commande-select-132.php";s:11:"description";s:82:"La commande SELECT permet de sélectionner des données sur une ou plusieurs table.
";s:7:"pubdate";s:29:"Thu, 19 Sep 2013 11:50:21 GMT";s:7:"summary";s:82:"La commande SELECT permet de sélectionner des données sur une ou plusieurs table.
";s:14:"date_timestamp";i:1379591421;}i:179;a:6:{s:5:"title";s:25:"Supprimer une table MySQL";s:4:"link";s:57:"http://creer-un-site.fr/supprimer-une-table-mysql-131.php";s:11:"description";s:59:"Comment supprimer une table MySQL. Requête SQL DROP TABLE.
";s:7:"pubdate";s:29:"Wed, 30 Oct 2013 18:15:15 GMT";s:7:"summary";s:59:"Comment supprimer une table MySQL. Requête SQL DROP TABLE.
";s:14:"date_timestamp";i:1383156915;}i:180;a:6:{s:5:"title";s:40:"Effacer des données dans une table MySQL";s:4:"link";s:72:"http://creer-un-site.fr/effacer-des-donnees-dans-une-table-mysql-130.php";s:11:"description";s:70:"Comment effacer des données dans une table MySQL. Requête SQL DELETE.
";s:7:"pubdate";s:29:"Thu, 19 Sep 2013 11:50:21 GMT";s:7:"summary";s:70:"Comment effacer des données dans une table MySQL. Requête SQL DELETE.
";s:14:"date_timestamp";i:1379591421;}i:181;a:6:{s:5:"title";s:41:"Modifier des données dans une table MySQL";s:4:"link";s:73:"http://creer-un-site.fr/modifier-des-donnees-dans-une-table-mysql-129.php";s:11:"description";s:82:"Comment modifier des données ou entrées dans une table MySQL. Requête SQL UPDATE.
";s:7:"pubdate";s:29:"Wed, 30 Oct 2013 18:12:49 GMT";s:7:"summary";s:82:"Comment modifier des données ou entrées dans une table MySQL. Requête SQL UPDATE.
";s:14:"date_timestamp";i:1383156769;}i:182;a:6:{s:5:"title";s:10:"Erreur 404";s:4:"link";s:42:"http://creer-un-site.fr/erreur-404-128.php";s:11:"description";s:141:"L'erreur 404 est un code d'erreur renvoyé par un serveur HTTP pour indiquer que la ressource demandée n'existe pas sur le site web consulté.
";s:7:"pubdate";s:29:"Thu, 19 Sep 2013 11:50:21 GMT";s:7:"summary";s:141:"L'erreur 404 est un code d'erreur renvoyé par un serveur HTTP pour indiquer que la ressource demandée n'existe pas sur le site web consulté.
";s:14:"date_timestamp";i:1379591421;}i:183;a:6:{s:5:"title";s:44:"Enregistrer des données dans une table MySQL";s:4:"link";s:76:"http://creer-un-site.fr/enregistrer-des-donnees-dans-une-table-mysql-127.php";s:11:"description";s:98:"Nous allons voir comment insérer des données ou entrées dans une table MySQL. Requête SQL INSERT.
";s:7:"pubdate";s:29:"Thu, 19 Sep 2013 11:50:21 GMT";s:7:"summary";s:98:"Nous allons voir comment insérer des données ou entrées dans une table MySQL. Requête SQL INSERT.
";s:14:"date_timestamp";i:1379591421;}i:184;a:6:{s:5:"title";s:21:"Créer une table MySQL";s:4:"link";s:53:"http://creer-un-site.fr/creer-une-table-mysql-126.php";s:11:"description";s:62:"Comment créer une table MySQL sous PhpMyAdmin et/ou avec PHP.
";s:7:"pubdate";s:29:"Thu, 19 Sep 2013 11:50:21 GMT";s:7:"summary";s:62:"Comment créer une table MySQL sous PhpMyAdmin et/ou avec PHP.
";s:14:"date_timestamp";i:1379591421;}i:185;a:6:{s:5:"title";s:21:"Présentation de MySQL";s:4:"link";s:53:"http://creer-un-site.fr/presentation-de-mysql-125.php";s:11:"description";s:90:"C'est quoi MySQL, à quoi ça sert? MySQL permet de stocker des données de façon ordonnées.
";s:7:"pubdate";s:29:"Thu, 19 Sep 2013 11:50:21 GMT";s:7:"summary";s:90:"C'est quoi MySQL, à quoi ça sert? MySQL permet de stocker des données de façon ordonnées.
";s:14:"date_timestamp";i:1379591421;}i:186;a:6:{s:5:"title";s:24:"Le langage HTML et XHTML";s:4:"link";s:56:"http://creer-un-site.fr/le-langage-html-et-xhtml-124.php";s:11:"description";s:153:"Le langage HTML (Hypertext Markup Language) est un langage constitué de balises qui permettent de structurer et de mettre en forme le contenu des pages.
";s:7:"pubdate";s:29:"Thu, 19 Sep 2013 11:50:21 GMT";s:7:"summary";s:153:"Le langage HTML (Hypertext Markup Language) est un langage constitué de balises qui permettent de structurer et de mettre en forme le contenu des pages.
";s:14:"date_timestamp";i:1379591421;}i:187;a:6:{s:5:"title";s:26:"Générateur de codes vidéos";s:4:"link";s:58:"http://creer-un-site.fr/generateur-de-codes-videos-123.php";s:11:"description";s:88:"Ce générateur de codes vidéo permet de générer un code pour la visualisation de vidéos.
";s:7:"pubdate";s:29:"Thu, 19 Sep 2013 11:50:21 GMT";s:7:"summary";s:88:"Ce générateur de codes vidéo permet de générer un code pour la visualisation de vidéos.
";s:14:"date_timestamp";i:1379591421;}i:188;a:6:{s:5:"title";s:42:"Générateur de redirection par meta refresh";s:4:"link";s:74:"http://creer-un-site.fr/generateur-de-redirection-par-meta-refresh-122.php";s:11:"description";s:173:"Ce générateur de redirection permet de rediriger vos visiteurs vers une autre partie de votre site ou vers un autre site en un temps donné en utilisant la métatags refresh.
";s:7:"pubdate";s:29:"Thu, 19 Sep 2013 11:50:21 GMT";s:7:"summary";s:173:"Ce générateur de redirection permet de rediriger vos visiteurs vers une autre partie de votre site ou vers un autre site en un temps donné en utilisant la métatags refresh.
";s:14:"date_timestamp";i:1379591421;}i:189;a:6:{s:5:"title";s:22:"Générateur de rollover";s:4:"link";s:54:"http://creer-un-site.fr/generateur-de-rollover-121.php";s:11:"description";s:140:"Générateur de rollover. Ce générateur permet de changer l'aspect de l'image au passage du pointeur de la souris et de l'associer à une URL.
";s:7:"pubdate";s:29:"Thu, 19 Sep 2013 11:50:21 GMT";s:7:"summary";s:140:"Générateur de rollover. Ce générateur permet de changer l'aspect de l'image au passage du pointeur de la souris et de l'associer à une URL.
";s:14:"date_timestamp";i:1379591421;}i:190;a:6:{s:5:"title";s:23:"Générateur de scrollbar";s:4:"link";s:55:"http://creer-un-site.fr/generateur-de-scrollbar-120.php";s:11:"description";s:91:"Ce générateur de scrollbar permet de modifier la couleur de la bar de défilement à droite.
";s:7:"pubdate";s:29:"Thu, 19 Sep 2013 11:50:21 GMT";s:7:"summary";s:91:"Ce générateur de scrollbar permet de modifier la couleur de la bar de défilement à droite.
";s:14:"date_timestamp";i:1379591421;}i:191;a:6:{s:5:"title";s:35:"Générateur de Feuilles de style CSS";s:4:"link";s:67:"http://creer-un-site.fr/generateur-de-feuilles-de-style-css-119.php";s:11:"description";s:63:"Créer votre feuille de style Css grâce à ce générateur de Css.
";s:7:"pubdate";s:29:"Thu, 19 Sep 2013 11:50:21 GMT";s:7:"summary";s:63:"Créer votre feuille de style Css grâce à ce générateur de Css.
";s:14:"date_timestamp";i:1379591421;}i:192;a:6:{s:5:"title";s:19:"Générateur d'iframe";s:4:"link";s:51:"http://creer-un-site.fr/generateur-d-iframe-118.php";s:11:"description";s:158:"Une iframe est un petit code tout simple à insérer dans vos pages qui permet d'appeler une page dans une autre page à la taille voulue et à l'endroit désiré.
";s:7:"pubdate";s:29:"Thu, 19 Sep 2013 11:50:21 GMT";s:7:"summary";s:158:"Une iframe est un petit code tout simple à insérer dans vos pages qui permet d'appeler une page dans une autre page à la taille voulue et à l'endroit désiré.
";s:14:"date_timestamp";i:1379591421;}i:193;a:6:{s:5:"title";s:23:"Générateur de méta-tags";s:4:"link";s:55:"http://creer-un-site.fr/generateur-de-meta-tags-117.php";s:11:"description";s:285:"Générateur de méta-tags.On appelle «méta-tags» (en français «méta-balises») des balises spéciales situées dans l'en-tête du document HTML (c'est-à-dire la balise , située avant la balise ), afin notamment de fournir des informations permettant aux moteurs de recherche d'indexer la...
";s:7:"pubdate";s:29:"Thu, 19 Sep 2013 11:50:21 GMT";s:7:"summary";s:285:"Générateur de méta-tags.On appelle «méta-tags» (en français «méta-balises») des balises spéciales situées dans l'en-tête du document HTML (c'est-à-dire la balise , située avant la balise ), afin notamment de fournir des informations permettant aux moteurs de recherche d'indexer la...
";s:14:"date_timestamp";i:1379591421;}i:194;a:6:{s:5:"title";s:61:"Générateur d'erreurs 401-402-403-404-500 par fichier htaccess";s:4:"link";s:93:"http://creer-un-site.fr/generateur-d-erreurs-401-402-403-404-500-par-fichier-htaccess-116.php";s:11:"description";s:208:"Générateur d'erreurs 401-402-403-404-500 par fichier .htaccess. Le fichier .htaccess contient des directives qui définissent les règles d'accès aux fichiers du répertoire où il réside et des sous-répertoires
";s:7:"pubdate";s:29:"Thu, 19 Sep 2013 11:50:21 GMT";s:7:"summary";s:208:"Générateur d'erreurs 401-402-403-404-500 par fichier .htaccess. Le fichier .htaccess contient des directives qui définissent les règles d'accès aux fichiers du répertoire où il réside et des sous-répertoires
";s:14:"date_timestamp";i:1379591421;}i:195;a:6:{s:5:"title";s:28:"Générateur de menu déroulant";s:4:"link";s:60:"http://creer-un-site.fr/generateur-de-menu-deroulant-115.php";s:11:"description";s:29:"Générateur de menu déroulant
";s:7:"pubdate";s:29:"Thu, 19 Sep 2013 11:50:21 GMT";s:7:"summary";s:29:"Générateur de menu déroulant
";s:14:"date_timestamp";i:1379591421;}i:196;a:6:{s:5:"title";s:43:"Générateur de liens pour logos et bannières";s:4:"link";s:75:"http://creer-un-site.fr/generateur-de-liens-pour-logos-et-bannieres-114.php";s:11:"description";s:74:"Ce générateur vous permet créer un lien HTML pour votre bannière ou logo.
";s:7:"pubdate";s:29:"Thu, 19 Sep 2013 11:50:21 GMT";s:7:"summary";s:74:"Ce générateur vous permet créer un lien HTML pour votre bannière ou logo.
";s:14:"date_timestamp";i:1379591421;}i:197;a:6:{s:5:"title";s:40:"Générateur de flux RSS et de sitemap XML";s:4:"link";s:72:"http://creer-un-site.fr/generateur-de-flux-rss-et-de-sitemap-xml-113.php";s:11:"description";s:64:"Script PHP permettant de générer un Flux RSS et un Sitemap XML.
";s:7:"pubdate";s:29:"Thu, 19 Sep 2013 11:50:21 GMT";s:7:"summary";s:64:"Script PHP permettant de générer un Flux RSS et un Sitemap XML.
";s:14:"date_timestamp";i:1379591421;}i:198;a:6:{s:5:"title";s:48:"Créer un filtre sur une image avec du javascript";s:4:"link";s:80:"http://creer-un-site.fr/creer-un-filtre-sur-une-image-avec-du-javascript-112.php";s:11:"description";s:58:"Comment créer un filtre sur une image avec du javascript.
";s:7:"pubdate";s:29:"Thu, 19 Sep 2013 11:50:21 GMT";s:7:"summary";s:58:"Comment créer un filtre sur une image avec du javascript.
";s:14:"date_timestamp";i:1379591421;}i:199;a:6:{s:5:"title";s:29:"Hébergements gratuit de sites";s:4:"link";s:61:"http://creer-un-site.fr/hebergements-gratuit-de-sites-111.php";s:11:"description";s:49:"Liste de sites proposant un hébergement gratuit.
";s:7:"pubdate";s:29:"Thu, 19 Sep 2013 11:50:21 GMT";s:7:"summary";s:49:"Liste de sites proposant un hébergement gratuit.
";s:14:"date_timestamp";i:1379591421;}i:200;a:6:{s:5:"title";s:38:"Services de redirections d'url gratuit";s:4:"link";s:70:"http://creer-un-site.fr/services-de-redirections-d-url-gratuit-110.php";s:11:"description";s:101:"Voici une liste de sites vous proposant un service de redirection d'url gratuit pour votre site web.
";s:7:"pubdate";s:29:"Thu, 19 Sep 2013 11:50:21 GMT";s:7:"summary";s:101:"Voici une liste de sites vous proposant un service de redirection d'url gratuit pour votre site web.
";s:14:"date_timestamp";i:1379591421;}i:201;a:6:{s:5:"title";s:61:"Graphisme gratuit - Créer votre bannière ou logo gratuitement";s:4:"link";s:91:"http://creer-un-site.fr/graphisme-gratuit-creer-votre-banniere-ou-logo-gratuitement-109.php";s:11:"description";s:242:"Voici une liste de sites qui vous proposes leurs services gratuitement pour vous aidez dans la création de votre site web . Chacun dans leur domaine respectif , il vous créez sur demande : logo , bannière , kit graphique ,script et autre ;).
";s:7:"pubdate";s:29:"Thu, 19 Sep 2013 11:50:21 GMT";s:7:"summary";s:242:"Voici une liste de sites qui vous proposes leurs services gratuitement pour vous aidez dans la création de votre site web . Chacun dans leur domaine respectif , il vous créez sur demande : logo , bannière , kit graphique ,script et autre ;).
";s:14:"date_timestamp";i:1379591421;}i:202;a:6:{s:5:"title";s:37:"Kit graphique gratuit - Free template";s:4:"link";s:67:"http://creer-un-site.fr/kit-graphique-gratuit-free-template-108.php";s:11:"description";s:56:"Téléchargement de kit graphique gratuit. Free template.
";s:7:"pubdate";s:29:"Thu, 19 Sep 2013 11:50:21 GMT";s:7:"summary";s:56:"Téléchargement de kit graphique gratuit. Free template.
";s:14:"date_timestamp";i:1379591421;}i:203;a:6:{s:5:"title";s:54:"Montrer ou cacher un bloc de texte avec getElementById";s:4:"link";s:86:"http://creer-un-site.fr/montrer-ou-cacher-un-bloc-de-texte-avec-getelementbyid-107.php";s:11:"description";s:76:"Comment montrer ou cacher un bloc de texte avec la fonction getElementById.
";s:7:"pubdate";s:29:"Thu, 19 Sep 2013 11:50:21 GMT";s:7:"summary";s:76:"Comment montrer ou cacher un bloc de texte avec la fonction getElementById.
";s:14:"date_timestamp";i:1379591421;}i:204;a:6:{s:5:"title";s:57:"Protection par fichier htaccess d'un dossier sous Free.fr";s:4:"link";s:89:"http://creer-un-site.fr/protection-par-fichier-htaccess-d-un-dossier-sous-free-fr-106.php";s:11:"description";s:104:"Comment protéger un dossier en utilisant un fichier .htaccess pour les utilisateurs du service Free.fr.
";s:7:"pubdate";s:29:"Thu, 19 Sep 2013 11:50:21 GMT";s:7:"summary";s:104:"Comment protéger un dossier en utilisant un fichier .htaccess pour les utilisateurs du service Free.fr.
";s:14:"date_timestamp";i:1379591421;}i:205;a:6:{s:5:"title";s:46:"Favicon dans les favoris et la barre d'adresse";s:4:"link";s:78:"http://creer-un-site.fr/favicon-dans-les-favoris-et-la-barre-d-adresse-105.php";s:11:"description";s:96:"Comment mettre en place un Favicon pour qu'il s'affiche dans les favoris et la barre d'adresse.
";s:7:"pubdate";s:29:"Thu, 19 Sep 2013 11:50:21 GMT";s:7:"summary";s:96:"Comment mettre en place un Favicon pour qu'il s'affiche dans les favoris et la barre d'adresse.
";s:14:"date_timestamp";i:1379591421;}i:206;a:6:{s:5:"title";s:31:"Logiciels de créations de sites";s:4:"link";s:63:"http://creer-un-site.fr/logiciels-de-creations-de-sites-104.php";s:11:"description";s:59:"Liste de logiciels gratuit pour la création de votre site.
";s:7:"pubdate";s:29:"Thu, 19 Sep 2013 11:50:21 GMT";s:7:"summary";s:59:"Liste de logiciels gratuit pour la création de votre site.
";s:14:"date_timestamp";i:1379591421;}i:207;a:6:{s:5:"title";s:20:"Statistique gratuite";s:4:"link";s:52:"http://creer-un-site.fr/statistique-gratuite-103.php";s:11:"description";s:86:"Liste de sites proposant la mesure et l'analyse gratuite de l'audience de votre site.
";s:7:"pubdate";s:29:"Thu, 19 Sep 2013 11:50:21 GMT";s:7:"summary";s:86:"Liste de sites proposant la mesure et l'analyse gratuite de l'audience de votre site.
";s:14:"date_timestamp";i:1379591421;}i:208;a:6:{s:5:"title";s:21:"Logiciels FTP gratuit";s:4:"link";s:53:"http://creer-un-site.fr/logiciels-ftp-gratuit-102.php";s:11:"description";s:32:"Liste de logiciels FTP gratuit.
";s:7:"pubdate";s:29:"Thu, 19 Sep 2013 11:50:21 GMT";s:7:"summary";s:32:"Liste de logiciels FTP gratuit.
";s:14:"date_timestamp";i:1379591421;}i:209;a:6:{s:5:"title";s:20:"CHMOD ou CHange MODe";s:4:"link";s:52:"http://creer-un-site.fr/chmod-ou-change-mode-101.php";s:11:"description";s:191:"C'est quoi le CHMOD et comment on l'utilise? CHMOD vient du mot CHange MODe qui est une commande qui définit un droit d'accès ou permission que l'on attribue à un fichier (ou un répertoire).
";s:7:"pubdate";s:29:"Thu, 19 Sep 2013 11:50:21 GMT";s:7:"summary";s:191:"C'est quoi le CHMOD et comment on l'utilise? CHMOD vient du mot CHange MODe qui est une commande qui définit un droit d'accès ou permission que l'on attribue à un fichier (ou un répertoire).
";s:14:"date_timestamp";i:1379591421;}i:210;a:6:{s:5:"title";s:28:"Transfert d'une page par ftp";s:4:"link";s:60:"http://creer-un-site.fr/transfert-d-une-page-par-ftp-100.php";s:11:"description";s:72:"C'est quoi un FTP.Comment transférer une page web avec un logiciel ftp.
";s:7:"pubdate";s:29:"Thu, 19 Sep 2013 11:50:21 GMT";s:7:"summary";s:72:"C'est quoi un FTP.Comment transférer une page web avec un logiciel ftp.
";s:14:"date_timestamp";i:1379591421;}i:211;a:6:{s:5:"title";s:50:"Les erreurs à éviter lors de la création d'un site";s:4:"link";s:81:"http://creer-un-site.fr/les-erreurs-a-eviter-lors-de-la-creation-d-un-site-99.php";s:11:"description";s:238:"Certaines astuces permettent encore à ce jour de booster votre positionnement sur les moteurs de recherches. Toutes ces astuces sont à proscrire pour cause de bannissement de votre site à plus ou moins long terme...surtout à court terme!
";s:7:"pubdate";s:29:"Thu, 19 Sep 2013 11:50:21 GMT";s:7:"summary";s:238:"Certaines astuces permettent encore à ce jour de booster votre positionnement sur les moteurs de recherches. Toutes ces astuces sont à proscrire pour cause de bannissement de votre site à plus ou moins long terme...surtout à court terme!
";s:14:"date_timestamp";i:1379591421;}i:212;a:6:{s:5:"title";s:64:"Créer un site, ce qu'il vous faut savoir et ce qu'il vous faut !";s:4:"link";s:92:"http://creer-un-site.fr/creer-un-site-ce-qu-il-vous-faut-savoir-et-ce-qu-il-vous-faut-98.php";s:11:"description";s:214:"Créer un site, ce qu'il vous faut savoir et ce qu'il vous faut ! Connaître un peut le langage HTML vous faciliteras grandement la tache bien que maintenant la plupart des éditeurs soient des logiciels dit WYSIWYG.
";s:7:"pubdate";s:29:"Thu, 19 Sep 2013 11:50:21 GMT";s:7:"summary";s:214:"Créer un site, ce qu'il vous faut savoir et ce qu'il vous faut ! Connaître un peut le langage HTML vous faciliteras grandement la tache bien que maintenant la plupart des éditeurs soient des logiciels dit WYSIWYG.
";s:14:"date_timestamp";i:1379591421;}i:213;a:6:{s:5:"title";s:51:"Créer un site gratuitement et facilement avec Wifeo";s:4:"link";s:82:"http://creer-un-site.fr/creer-un-site-gratuitement-et-facilement-avec-wifeo-97.php";s:11:"description";s:181:"Vous souhaitiez créer un site pro ou un site perso et vous y connaissez rien ... Wifeo met gratuitement à votre disposition tous les outils nécessaires à la création d'un site web.
";s:7:"pubdate";s:29:"Thu, 19 Sep 2013 11:50:21 GMT";s:7:"summary";s:181:"Vous souhaitiez créer un site pro ou un site perso et vous y connaissez rien ... Wifeo met gratuitement à votre disposition tous les outils nécessaires à la création d'un site web.
";s:14:"date_timestamp";i:1379591421;}i:214;a:6:{s:5:"title";s:36:"Redirection 301 et duplicate content";s:4:"link";s:67:"http://creer-un-site.fr/redirection-301-et-duplicate-content-95.php";s:11:"description";s:161:"Redirection 301 et duplicate content. Le duplicate content est le résultat d'une page en double exemplaire et à l'identique indexé par les moteurs de recherche.
";s:7:"pubdate";s:29:"Thu, 19 Sep 2013 11:50:21 GMT";s:7:"summary";s:161:"Redirection 301 et duplicate content. Le duplicate content est le résultat d'une page en double exemplaire et à l'identique indexé par les moteurs de recherche.
";s:14:"date_timestamp";i:1379591421;}i:215;a:6:{s:5:"title";s:35:"Redirection permanente par htaccess";s:4:"link";s:66:"http://creer-un-site.fr/redirection-permanente-par-htaccess-94.php";s:11:"description";s:107:"La redirection permanente par fichier .htaccess permet de rediriger une page de votre site vers une autre.
";s:7:"pubdate";s:29:"Tue, 24 Sep 2013 17:31:22 GMT";s:7:"summary";s:107:"La redirection permanente par fichier .htaccess permet de rediriger une page de votre site vers une autre.
";s:14:"date_timestamp";i:1380043882;}i:216;a:6:{s:5:"title";s:28:"Améliorer son positionnement";s:4:"link";s:59:"http://creer-un-site.fr/ameliorer-son-positionnement-93.php";s:11:"description";s:266:"Cette page fait le point sur les aspects négatifs et positifs de la plupart des sujets concernant le référencement d'un site. Ces points ne sont pas exhaustifs et ne correspondent pas à des certitudes absolues mais ils reçoivent l'aval d'une majorité de webmasters.
";s:7:"pubdate";s:29:"Thu, 19 Sep 2013 11:50:21 GMT";s:7:"summary";s:266:"Cette page fait le point sur les aspects négatifs et positifs de la plupart des sujets concernant le référencement d'un site. Ces points ne sont pas exhaustifs et ne correspondent pas à des certitudes absolues mais ils reçoivent l'aval d'une majorité de webmasters.
";s:14:"date_timestamp";i:1379591421;}i:217;a:6:{s:5:"title";s:16:"Le référencement";s:4:"link";s:47:"http://creer-un-site.fr/le-referencement-92.php";s:11:"description";s:51:"Quelques explications concernant le référencement.
";s:7:"pubdate";s:29:"Thu, 19 Sep 2013 11:50:21 GMT";s:7:"summary";s:51:"Quelques explications concernant le référencement.
";s:14:"date_timestamp";i:1379591421;}i:218;a:6:{s:5:"title";s:39:"Débuter dans le référencement d'un site";s:4:"link";s:70:"http://creer-un-site.fr/debuter-dans-le-referencement-d-un-site-91.php";s:11:"description";s:117:"Référencement pour débutant.Voici quelques explications pour aider les débutants dans le référencement de leur site.
";s:7:"pubdate";s:29:"Thu, 19 Sep 2013 11:50:21 GMT";s:7:"summary";s:117:"Référencement pour débutant.Voici quelques explications pour aider les débutants dans le référencement de leur site.
";s:14:"date_timestamp";i:1379591421;}i:219;a:6:{s:5:"title";s:17:"Script anti copie";s:4:"link";s:48:"http://creer-un-site.fr/script-anti-copie-90.php";s:11:"description";s:76:"Ce script permet de bloquer les touches CTRL+A et le clic droit d'une
page.
";s:7:"pubdate";s:29:"Thu, 19 Sep 2013 11:50:21 GMT";s:7:"summary";s:76:"Ce script permet de bloquer les touches CTRL+A et le clic droit d'une
page.
";s:14:"date_timestamp";i:1379591421;}i:220;a:6:{s:5:"title";s:13:"Fonction back";s:4:"link";s:44:"http://creer-un-site.fr/fonction-back-89.php";s:11:"description";s:97:"Voici un script tout simple et très court permettant de faire un retour en arrière sur une page.
";s:7:"pubdate";s:29:"Thu, 19 Sep 2013 11:50:21 GMT";s:7:"summary";s:97:"Voici un script tout simple et très court permettant de faire un retour en arrière sur une page.
";s:14:"date_timestamp";i:1379591421;}i:221;a:6:{s:5:"title";s:29:"Script pour imprimer une page";s:4:"link";s:60:"http://creer-un-site.fr/script-pour-imprimer-une-page-88.php";s:11:"description";s:98:"Voici un script tout simple et très court permettant d'imprimer la page dans lequel il se trouve.
";s:7:"pubdate";s:29:"Thu, 19 Sep 2013 11:50:21 GMT";s:7:"summary";s:98:"Voici un script tout simple et très court permettant d'imprimer la page dans lequel il se trouve.
";s:14:"date_timestamp";i:1379591421;}i:222;a:6:{s:5:"title";s:15:"Site en Favoris";s:4:"link";s:46:"http://creer-un-site.fr/site-en-favoris-87.php";s:11:"description";s:134:"Voici un petit script permettant de proposer de mettre votre site en favoris. Ce script fonctionne pour Internet explorer et Firefox.
";s:7:"pubdate";s:29:"Thu, 19 Sep 2013 11:50:21 GMT";s:7:"summary";s:134:"Voici un petit script permettant de proposer de mettre votre site en favoris. Ce script fonctionne pour Internet explorer et Firefox.
";s:14:"date_timestamp";i:1379591421;}i:223;a:6:{s:5:"title";s:39:"Script anti copie et blocage de la page";s:4:"link";s:70:"http://creer-un-site.fr/script-anti-copie-et-blocage-de-la-page-86.php";s:11:"description";s:88:"Ce script anti copie permet de prévenir et de bloquer  la page au bout de 2 tentatives.
";s:7:"pubdate";s:29:"Thu, 19 Sep 2013 11:50:21 GMT";s:7:"summary";s:88:"Ce script anti copie permet de prévenir et de bloquer  la page au bout de 2 tentatives.
";s:14:"date_timestamp";i:1379591421;}i:224;a:6:{s:5:"title";s:28:"Les évènements en Javascript";s:4:"link";s:59:"http://creer-un-site.fr/les-evenements-en-javascript-85.php";s:11:"description";s:104:"Tuto sur les évènements en Javascript.onChange,onClick,onBlur,onFocus,onMouseOver,onMouseOut,onDblClick
";s:7:"pubdate";s:29:"Thu, 19 Sep 2013 11:50:21 GMT";s:7:"summary";s:104:"Tuto sur les évènements en Javascript.onChange,onClick,onBlur,onFocus,onMouseOver,onMouseOut,onDblClick
";s:14:"date_timestamp";i:1379591421;}i:225;a:6:{s:5:"title";s:17:"Créer un flux RSS";s:4:"link";s:48:"http://creer-un-site.fr/creer-un-flux-rss-84.php";s:11:"description";s:52:"Comment créer simplement un flux RSS pour son site.
";s:7:"pubdate";s:29:"Thu, 19 Sep 2013 11:50:21 GMT";s:7:"summary";s:52:"Comment créer simplement un flux RSS pour son site.
";s:14:"date_timestamp";i:1379591421;}i:226;a:6:{s:5:"title";s:42:"Comment se connecter à une base de données";s:4:"link";s:73:"http://creer-un-site.fr/comment-se-connecter-a-une-base-de-donnees-83.php";s:11:"description";s:67:"Code et fonction permettant de se connecter à une base de données.
";s:7:"pubdate";s:29:"Thu, 19 Sep 2013 11:50:21 GMT";s:7:"summary";s:67:"Code et fonction permettant de se connecter à une base de données.
";s:14:"date_timestamp";i:1379591421;}i:227;a:6:{s:5:"title";s:40:"Créer un Tag cloud ou nuage de mots clés";s:4:"link";s:71:"http://creer-un-site.fr/creer-un-tag-cloud-ou-nuage-de-mots-cles-82.php";s:11:"description";s:70:"Comment créer un tag cloud ou nuage de mots clés sans base de donnée.
";s:7:"pubdate";s:29:"Thu, 19 Sep 2013 11:50:21 GMT";s:7:"summary";s:70:"Comment créer un tag cloud ou nuage de mots clés sans base de donnée.
";s:14:"date_timestamp";i:1379591421;}i:228;a:6:{s:5:"title";s:40:"Comment installer un lecteur de flux RSS";s:4:"link";s:71:"http://creer-un-site.fr/comment-installer-un-lecteur-de-flux-rss-81.php";s:11:"description";s:69:"Comment installer un lecteur ou agrégateur de flux RSS sur son site.
";s:7:"pubdate";s:29:"Thu, 19 Sep 2013 11:50:21 GMT";s:7:"summary";s:69:"Comment installer un lecteur ou agrégateur de flux RSS sur son site.
";s:14:"date_timestamp";i:1379591421;}i:229;a:6:{s:5:"title";s:46:"Créer un formulaire de contact pour votre site";s:4:"link";s:77:"http://creer-un-site.fr/creer-un-formulaire-de-contact-pour-votre-site-80.php";s:11:"description";s:182:"Créer un formulaire de contact pour votre site. Voici un petit formulaire
(en PHP) de contact pour votre site fonctionnant également
sous FREE. La mise en place en place est simple.
";s:7:"pubdate";s:29:"Thu, 19 Sep 2013 11:50:21 GMT";s:7:"summary";s:182:"Créer un formulaire de contact pour votre site. Voici un petit formulaire
(en PHP) de contact pour votre site fonctionnant également
sous FREE. La mise en place en place est simple.
";s:14:"date_timestamp";i:1379591421;}i:230;a:6:{s:5:"title";s:41:"Comment récupérer les méta-tags d'un site";s:4:"link";s:72:"http://creer-un-site.fr/comment-recuperer-les-meta-tags-d-un-site-79.php";s:11:"description";s:58:"Comment récupérer les méta-tags d'un site distant en php.
";s:7:"pubdate";s:29:"Thu, 19 Sep 2013 11:50:21 GMT";s:7:"summary";s:58:"Comment récupérer les méta-tags d'un site distant en php.
";s:14:"date_timestamp";i:1379591421;}i:231;a:6:{s:5:"title";s:36:"Comment récupérer le titre d'un site";s:4:"link";s:67:"http://creer-un-site.fr/comment-recuperer-le-titre-d-un-site-78.php";s:11:"description";s:53:"Comment récupérer le titre d'un site distant en PHP.
";s:7:"pubdate";s:29:"Thu, 19 Sep 2013 11:50:21 GMT";s:7:"summary";s:53:"Comment récupérer le titre d'un site distant en PHP.
";s:14:"date_timestamp";i:1379591421;}i:232;a:6:{s:5:"title";s:66:"Fonction str_replace. Comment remplacer un mot par un autre en php";s:4:"link";s:96:"http://creer-un-site.fr/fonction-str-replace-comment-remplacer-un-mot-par-un-autre-en-php-77.php";s:11:"description";s:105:"Comment remplacer un mot par un autre dans une chaine de caractère en utilisant la fonction str_replace.
";s:7:"pubdate";s:29:"Thu, 19 Sep 2013 11:50:21 GMT";s:7:"summary";s:105:"Comment remplacer un mot par un autre dans une chaine de caractère en utilisant la fonction str_replace.
";s:14:"date_timestamp";i:1379591421;}i:233;a:6:{s:5:"title";s:42:"Fonction substr. Comment tronquer un texte";s:4:"link";s:72:"http://creer-un-site.fr/fonction-substr-comment-tronquer-un-texte-76.php";s:11:"description";s:114:"Comment tronquer un texte par des points de suspensions avec la fonction
substr. Fonction pour tronquer un texte.
";s:7:"pubdate";s:29:"Thu, 19 Sep 2013 11:50:21 GMT";s:7:"summary";s:114:"Comment tronquer un texte par des points de suspensions avec la fonction
substr. Fonction pour tronquer un texte.
";s:14:"date_timestamp";i:1379591421;}i:234;a:6:{s:5:"title";s:39:"Transmettre une variable par formulaire";s:4:"link";s:70:"http://creer-un-site.fr/transmettre-une-variable-par-formulaire-75.php";s:11:"description";s:111:"Comment transmettre une variable par formulaire d'une page à une autre en utilisant la méthode $_POST['....'].
";s:7:"pubdate";s:29:"Thu, 19 Sep 2013 11:50:21 GMT";s:7:"summary";s:111:"Comment transmettre une variable par formulaire d'une page à une autre en utilisant la méthode $_POST['....'].
";s:14:"date_timestamp";i:1379591421;}i:235;a:6:{s:5:"title";s:42:"Transmettre une variable avec un lien html";s:4:"link";s:73:"http://creer-un-site.fr/transmettre-une-variable-avec-un-lien-html-74.php";s:11:"description";s:124:"Comment transmettre une variable en HTML. Une variable permet de transmettre une ou des information d'une page à une autre.
";s:7:"pubdate";s:29:"Thu, 19 Sep 2013 11:50:21 GMT";s:7:"summary";s:124:"Comment transmettre une variable en HTML. Une variable permet de transmettre une ou des information d'une page à une autre.
";s:14:"date_timestamp";i:1379591421;}i:236;a:6:{s:5:"title";s:35:"Les conditions PHP if, elseif, else";s:4:"link";s:64:"http://creer-un-site.fr/les-conditions-php-if-elseif-else-73.php";s:11:"description";s:94:"Comment fonctionne les conditions PHP if, elseif, else. A quoi servent les conditions en PHP.
";s:7:"pubdate";s:29:"Thu, 19 Sep 2013 11:50:21 GMT";s:7:"summary";s:94:"Comment fonctionne les conditions PHP if, elseif, else. A quoi servent les conditions en PHP.
";s:14:"date_timestamp";i:1379591421;}i:237;a:6:{s:5:"title";s:14:"Débuter en php";s:4:"link";s:45:"http://creer-un-site.fr/debuter-en-php-72.php";s:11:"description";s:261:"Le langage PHP (Hypertext Preprocessor ou Personal Home Page en anglais),est un langage de programmation web côté serveur , ce qui veut dire que c'est le serveur qui va interpréter le code PHP et générer du code qui pourra être interprété par votre navigateur.
";s:7:"pubdate";s:29:"Thu, 19 Sep 2013 11:50:21 GMT";s:7:"summary";s:261:"Le langage PHP (Hypertext Preprocessor ou Personal Home Page en anglais),est un langage de programmation web côté serveur , ce qui veut dire que c'est le serveur qui va interpréter le code PHP et générer du code qui pourra être interprété par votre navigateur.
";s:14:"date_timestamp";i:1379591421;}i:238;a:6:{s:5:"title";s:29:"Créer une info bulle en css 2";s:4:"link";s:60:"http://creer-un-site.fr/creer-une-info-bulle-en-css-2-71.php";s:11:"description";s:58:"Comment créer une info bulle avec l'utilisation du CSS 2.
";s:7:"pubdate";s:29:"Sun, 11 Jan 2015 17:24:41 GMT";s:7:"summary";s:58:"Comment créer une info bulle avec l'utilisation du CSS 2.
";s:14:"date_timestamp";i:1420997081;}i:239;a:6:{s:5:"title";s:27:"Créer une info bulle en css";s:4:"link";s:58:"http://creer-un-site.fr/creer-une-info-bulle-en-css-70.php";s:11:"description";s:42:"Comment créer une info bulle avec du CSS.
";s:7:"pubdate";s:29:"Thu, 19 Sep 2013 11:50:21 GMT";s:7:"summary";s:42:"Comment créer une info bulle avec du CSS.
";s:14:"date_timestamp";i:1379591421;}i:240;a:6:{s:5:"title";s:42:"Aligner du texte à côté d'une image en css";s:4:"link";s:73:"http://creer-un-site.fr/aligner-du-texte-a-cote-d-une-image-en-css-69.php";s:11:"description";s:57:"Comment aligner du texte à côté d'une image avec du css.
";s:7:"pubdate";s:29:"Thu, 19 Sep 2013 11:50:21 GMT";s:7:"summary";s:57:"Comment aligner du texte à côté d'une image avec du css.
";s:14:"date_timestamp";i:1379591421;}i:241;a:6:{s:5:"title";s:57:"Créer plusieurs effets de style sur les liens avec du css";s:4:"link";s:88:"http://creer-un-site.fr/creer-plusieurs-effets-de-style-sur-les-liens-avec-du-css-68.php";s:11:"description";s:67:"Comment créer plusieurs effets de style sur les liens avec du css.
";s:7:"pubdate";s:29:"Thu, 19 Sep 2013 11:50:21 GMT";s:7:"summary";s:67:"Comment créer plusieurs effets de style sur les liens avec du css.
";s:14:"date_timestamp";i:1379591421;}i:242;a:6:{s:5:"title";s:37:"Créer des effets sur les liens en css";s:4:"link";s:68:"http://creer-un-site.fr/creer-des-effets-sur-les-liens-en-css-67.php";s:11:"description";s:60:"Comment créer des effets sur les liens en utilisant le Css.
";s:7:"pubdate";s:29:"Thu, 19 Sep 2013 11:50:21 GMT";s:7:"summary";s:60:"Comment créer des effets sur les liens en utilisant le Css.
";s:14:"date_timestamp";i:1379591421;}i:243;a:6:{s:5:"title";s:25:"Créer un conteneur en css";s:4:"link";s:56:"http://creer-un-site.fr/creer-un-conteneur-en-css-66.php";s:11:"description";s:66:"Comment créer un conteneur ou cadre centrale en utilisant le Css.
";s:7:"pubdate";s:29:"Thu, 19 Sep 2013 11:50:21 GMT";s:7:"summary";s:66:"Comment créer un conteneur ou cadre centrale en utilisant le Css.
";s:14:"date_timestamp";i:1379591421;}i:244;a:6:{s:5:"title";s:22:"Creer un header en css";s:4:"link";s:53:"http://creer-un-site.fr/creer-un-header-en-css-65.php";s:11:"description";s:59:"Comment créer un header ou cadre haut en utilisant le Css.
";s:7:"pubdate";s:29:"Thu, 19 Sep 2013 11:50:21 GMT";s:7:"summary";s:59:"Comment créer un header ou cadre haut en utilisant le Css.
";s:14:"date_timestamp";i:1379591421;}i:245;a:6:{s:5:"title";s:20:"Créer un menu en css";s:4:"link";s:51:"http://creer-un-site.fr/creer-un-menu-en-css-64.php";s:11:"description";s:42:"Comment créer un menu en utilisant du Css
";s:7:"pubdate";s:29:"Thu, 19 Sep 2013 11:50:21 GMT";s:7:"summary";s:42:"Comment créer un menu en utilisant du Css
";s:14:"date_timestamp";i:1379591421;}i:246;a:6:{s:5:"title";s:21:"Créer un cadre en Css";s:4:"link";s:52:"http://creer-un-site.fr/creer-un-cadre-en-css-63.php";s:11:"description";s:43:"Comment créer un cadre en utilisant le Css
";s:7:"pubdate";s:29:"Tue, 03 Jun 2014 11:51:12 GMT";s:7:"summary";s:43:"Comment créer un cadre en utilisant le Css
";s:14:"date_timestamp";i:1401796272;}i:247;a:6:{s:5:"title";s:57:"Créer un site en utilisant le CSS et une feuille de style";s:4:"link";s:88:"http://creer-un-site.fr/creer-un-site-en-utilisant-le-css-et-une-feuille-de-style-62.php";s:11:"description";s:67:"Comment créer un site en utilisant le CSS et une feuille de style.
";s:7:"pubdate";s:29:"Thu, 19 Sep 2013 11:50:21 GMT";s:7:"summary";s:67:"Comment créer un site en utilisant le CSS et une feuille de style.
";s:14:"date_timestamp";i:1379591421;}i:248;a:6:{s:5:"title";s:45:"Créer un site en utilisant les include en php";s:4:"link";s:76:"http://creer-un-site.fr/creer-un-site-en-utilisant-les-include-en-php-61.php";s:11:"description";s:49:"C'est quoi une include en PHP et à quoi ça sert.
";s:7:"pubdate";s:29:"Thu, 19 Sep 2013 11:50:21 GMT";s:7:"summary";s:49:"C'est quoi une include en PHP et à quoi ça sert.
";s:14:"date_timestamp";i:1379591421;}i:249;a:6:{s:5:"title";s:24:"Feuille de style externe";s:4:"link";s:55:"http://creer-un-site.fr/feuille-de-style-externe-60.php";s:11:"description";s:44:"Comment créer une feuille de style externe.
";s:7:"pubdate";s:29:"Thu, 19 Sep 2013 11:50:21 GMT";s:7:"summary";s:44:"Comment créer une feuille de style externe.
";s:14:"date_timestamp";i:1379591421;}i:250;a:6:{s:5:"title";s:59:"Mise en forme de l'arrière plan en css-Propriété background";s:4:"link";s:90:"http://creer-un-site.fr/mise-en-forme-de-l-arriere-plan-en-css-propriete-background-59.php";s:11:"description";s:155:"Mise en forme de l'arrière plan en css-Propriété background. background-color-background-image-background-repeat-background-attachment-background-position
";s:7:"pubdate";s:29:"Thu, 19 Sep 2013 11:50:21 GMT";s:7:"summary";s:155:"Mise en forme de l'arrière plan en css-Propriété background. background-color-background-image-background-repeat-background-attachment-background-position
";s:14:"date_timestamp";i:1379591421;}i:251;a:6:{s:5:"title";s:48:"Mise en forme de la police en css-Propriété font";s:4:"link";s:79:"http://creer-un-site.fr/mise-en-forme-de-la-police-en-css-propriete-font-58.php";s:11:"description";s:109:"Mise en forme de la police en css. Propriété font. font-family,font-size,font-style,font-variant,font-weight
";s:7:"pubdate";s:29:"Sat, 08 Feb 2014 19:00:59 GMT";s:7:"summary";s:109:"Mise en forme de la police en css. Propriété font. font-family,font-size,font-style,font-variant,font-weight
";s:14:"date_timestamp";i:1391886059;}i:252;a:6:{s:5:"title";s:42:"Propriété de mise en forme du texte en css";s:4:"link";s:73:"http://creer-un-site.fr/propriete-de-mise-en-forme-du-texte-en-css-57.php";s:11:"description";s:98:"Propriété de mise en forme du texte.text-decoration-text-align-letter-spacing-word-spacing-color.
";s:7:"pubdate";s:29:"Thu, 19 Sep 2013 11:50:21 GMT";s:7:"summary";s:98:"Propriété de mise en forme du texte.text-decoration-text-align-letter-spacing-word-spacing-color.
";s:14:"date_timestamp";i:1379591421;}i:253;a:6:{s:5:"title";s:39:"Comment installer un forum gratuitement";s:4:"link";s:70:"http://creer-un-site.fr/comment-installer-un-forum-gratuitement-56.php";s:11:"description";s:85:"Comment installer un forum gratuitement sur son site.Les étapes pour créer un forum.
";s:7:"pubdate";s:29:"Thu, 19 Sep 2013 11:50:21 GMT";s:7:"summary";s:85:"Comment installer un forum gratuitement sur son site.Les étapes pour créer un forum.
";s:14:"date_timestamp";i:1379591421;}i:254;a:6:{s:5:"title";s:25:"Les codes couleurs du web";s:4:"link";s:56:"http://creer-un-site.fr/les-codes-couleurs-du-web-55.php";s:11:"description";s:27:"Les codes couleurs du web.
";s:7:"pubdate";s:29:"Thu, 19 Sep 2013 11:50:21 GMT";s:7:"summary";s:27:"Les codes couleurs du web.
";s:14:"date_timestamp";i:1379591421;}i:255;a:6:{s:5:"title";s:36:"Comment mettre une vidéo sur un site";s:4:"link";s:67:"http://creer-un-site.fr/comment-mettre-une-video-sur-un-site-54.php";s:11:"description";s:38:"Comment mettre une vidéo sur un site.
";s:7:"pubdate";s:29:"Thu, 19 Sep 2013 11:50:21 GMT";s:7:"summary";s:38:"Comment mettre une vidéo sur un site.
";s:14:"date_timestamp";i:1379591421;}i:256;a:6:{s:5:"title";s:40:"Comment mettre de la musique sur un site";s:4:"link";s:71:"http://creer-un-site.fr/comment-mettre-de-la-musique-sur-un-site-53.php";s:11:"description";s:42:"Comment mettre de la musique sur un site.
";s:7:"pubdate";s:29:"Thu, 19 Sep 2013 11:50:21 GMT";s:7:"summary";s:42:"Comment mettre de la musique sur un site.
";s:14:"date_timestamp";i:1379591421;}i:257;a:6:{s:5:"title";s:34:"Interdire la sélection  d'un texte";s:4:"link";s:64:"http://creer-un-site.fr/interdire-la-selection-d-un-texte-52.php";s:11:"description";s:80:"Interdire la sélection  d'un texte. Comment interdire la sélection d'un texte ?
";s:7:"pubdate";s:29:"Thu, 19 Sep 2013 11:50:21 GMT";s:7:"summary";s:80:"Interdire la sélection  d'un texte. Comment interdire la sélection d'un texte ?
";s:14:"date_timestamp";i:1379591421;}i:258;a:6:{s:5:"title";s:19:"Autres balises HTML";s:4:"link";s:50:"http://creer-un-site.fr/autres-balises-html-51.php";s:11:"description";s:20:"Autres balises HTML
";s:7:"pubdate";s:29:"Thu, 19 Sep 2013 11:50:21 GMT";s:7:"summary";s:20:"Autres balises HTML
";s:14:"date_timestamp";i:1379591421;}i:259;a:6:{s:5:"title";s:39:"Balises HTML commencent par la lettre X";s:4:"link";s:70:"http://creer-un-site.fr/balises-html-commencent-par-la-lettre-x-50.php";s:11:"description";s:40:"Balises HTML commencent par la lettre X
";s:7:"pubdate";s:29:"Thu, 19 Sep 2013 11:50:21 GMT";s:7:"summary";s:40:"Balises HTML commencent par la lettre X
";s:14:"date_timestamp";i:1379591421;}i:260;a:6:{s:5:"title";s:39:"Balises HTML commencent par la lettre W";s:4:"link";s:70:"http://creer-un-site.fr/balises-html-commencent-par-la-lettre-w-49.php";s:11:"description";s:40:"Balises HTML commencent par la lettre W
";s:7:"pubdate";s:29:"Thu, 19 Sep 2013 11:50:21 GMT";s:7:"summary";s:40:"Balises HTML commencent par la lettre W
";s:14:"date_timestamp";i:1379591421;}i:261;a:6:{s:5:"title";s:39:"Balises HTML commencent par la lettre V";s:4:"link";s:70:"http://creer-un-site.fr/balises-html-commencent-par-la-lettre-v-48.php";s:11:"description";s:40:"Balises HTML commencent par la lettre V
";s:7:"pubdate";s:29:"Thu, 19 Sep 2013 11:50:21 GMT";s:7:"summary";s:40:"Balises HTML commencent par la lettre V
";s:14:"date_timestamp";i:1379591421;}i:262;a:6:{s:5:"title";s:39:"Balises HTML commencent par la lettre U";s:4:"link";s:70:"http://creer-un-site.fr/balises-html-commencent-par-la-lettre-u-47.php";s:11:"description";s:40:"Balises HTML commencent par la lettre U
";s:7:"pubdate";s:29:"Thu, 19 Sep 2013 11:50:21 GMT";s:7:"summary";s:40:"Balises HTML commencent par la lettre U
";s:14:"date_timestamp";i:1379591421;}i:263;a:6:{s:5:"title";s:39:"Balises HTML commencent par la lettre T";s:4:"link";s:70:"http://creer-un-site.fr/balises-html-commencent-par-la-lettre-t-46.php";s:11:"description";s:40:"Balises HTML commencent par la lettre T
";s:7:"pubdate";s:29:"Thu, 19 Sep 2013 11:50:21 GMT";s:7:"summary";s:40:"Balises HTML commencent par la lettre T
";s:14:"date_timestamp";i:1379591421;}i:264;a:6:{s:5:"title";s:39:"Balises HTML commencent par la lettre S";s:4:"link";s:70:"http://creer-un-site.fr/balises-html-commencent-par-la-lettre-s-45.php";s:11:"description";s:40:"Balises HTML commencent par la lettre S
";s:7:"pubdate";s:29:"Thu, 19 Sep 2013 11:50:21 GMT";s:7:"summary";s:40:"Balises HTML commencent par la lettre S
";s:14:"date_timestamp";i:1379591421;}i:265;a:6:{s:5:"title";s:39:"Balises HTML commencent par la lettre R";s:4:"link";s:70:"http://creer-un-site.fr/balises-html-commencent-par-la-lettre-r-44.php";s:11:"description";s:40:"Balises HTML commencent par la lettre R
";s:7:"pubdate";s:29:"Thu, 19 Sep 2013 11:50:21 GMT";s:7:"summary";s:40:"Balises HTML commencent par la lettre R
";s:14:"date_timestamp";i:1379591421;}i:266;a:6:{s:5:"title";s:39:"Balises HTML commencent par la lettre Q";s:4:"link";s:70:"http://creer-un-site.fr/balises-html-commencent-par-la-lettre-q-43.php";s:11:"description";s:40:"Balises HTML commencent par la lettre Q
";s:7:"pubdate";s:29:"Thu, 19 Sep 2013 11:50:21 GMT";s:7:"summary";s:40:"Balises HTML commencent par la lettre Q
";s:14:"date_timestamp";i:1379591421;}i:267;a:6:{s:5:"title";s:39:"Balises HTML commencent par la lettre P";s:4:"link";s:70:"http://creer-un-site.fr/balises-html-commencent-par-la-lettre-p-42.php";s:11:"description";s:40:"Balises HTML commencent par la lettre P
";s:7:"pubdate";s:29:"Thu, 19 Sep 2013 11:50:21 GMT";s:7:"summary";s:40:"Balises HTML commencent par la lettre P
";s:14:"date_timestamp";i:1379591421;}i:268;a:6:{s:5:"title";s:39:"Balises HTML commencent par la lettre O";s:4:"link";s:70:"http://creer-un-site.fr/balises-html-commencent-par-la-lettre-o-41.php";s:11:"description";s:40:"Balises HTML commencent par la lettre O
";s:7:"pubdate";s:29:"Thu, 19 Sep 2013 11:50:21 GMT";s:7:"summary";s:40:"Balises HTML commencent par la lettre O
";s:14:"date_timestamp";i:1379591421;}i:269;a:6:{s:5:"title";s:39:"Balises HTML commencent par la lettre N";s:4:"link";s:70:"http://creer-un-site.fr/balises-html-commencent-par-la-lettre-n-40.php";s:11:"description";s:40:"Balises HTML commencent par la lettre N
";s:7:"pubdate";s:29:"Thu, 19 Sep 2013 11:50:21 GMT";s:7:"summary";s:40:"Balises HTML commencent par la lettre N
";s:14:"date_timestamp";i:1379591421;}i:270;a:6:{s:5:"title";s:39:"Balises HTML commencent par la lettre M";s:4:"link";s:70:"http://creer-un-site.fr/balises-html-commencent-par-la-lettre-m-39.php";s:11:"description";s:40:"Balises HTML commencent par la lettre M
";s:7:"pubdate";s:29:"Thu, 19 Sep 2013 11:50:21 GMT";s:7:"summary";s:40:"Balises HTML commencent par la lettre M
";s:14:"date_timestamp";i:1379591421;}i:271;a:6:{s:5:"title";s:39:"Balises HTML commencent par la lettre L";s:4:"link";s:70:"http://creer-un-site.fr/balises-html-commencent-par-la-lettre-l-38.php";s:11:"description";s:40:"Balises HTML commencent par la lettre L
";s:7:"pubdate";s:29:"Thu, 19 Sep 2013 11:50:21 GMT";s:7:"summary";s:40:"Balises HTML commencent par la lettre L
";s:14:"date_timestamp";i:1379591421;}i:272;a:6:{s:5:"title";s:39:"Balises HTML commencent par la lettre K";s:4:"link";s:70:"http://creer-un-site.fr/balises-html-commencent-par-la-lettre-k-37.php";s:11:"description";s:40:"Balises HTML commencent par la lettre K
";s:7:"pubdate";s:29:"Thu, 19 Sep 2013 11:50:21 GMT";s:7:"summary";s:40:"Balises HTML commencent par la lettre K
";s:14:"date_timestamp";i:1379591421;}i:273;a:6:{s:5:"title";s:39:"Balises HTML commencent par la lettre I";s:4:"link";s:70:"http://creer-un-site.fr/balises-html-commencent-par-la-lettre-i-36.php";s:11:"description";s:40:"Balises HTML commencent par la lettre I
";s:7:"pubdate";s:29:"Thu, 19 Sep 2013 11:50:21 GMT";s:7:"summary";s:40:"Balises HTML commencent par la lettre I
";s:14:"date_timestamp";i:1379591421;}i:274;a:6:{s:5:"title";s:39:"Balises HTML commencent par la lettre H";s:4:"link";s:70:"http://creer-un-site.fr/balises-html-commencent-par-la-lettre-h-35.php";s:11:"description";s:40:"Balises HTML commencent par la lettre H
";s:7:"pubdate";s:29:"Thu, 19 Sep 2013 11:50:21 GMT";s:7:"summary";s:40:"Balises HTML commencent par la lettre H
";s:14:"date_timestamp";i:1379591421;}i:275;a:6:{s:5:"title";s:39:"Balises HTML commencent par la lettre F";s:4:"link";s:70:"http://creer-un-site.fr/balises-html-commencent-par-la-lettre-f-34.php";s:11:"description";s:40:"Balises HTML commencent par la lettre F
";s:7:"pubdate";s:29:"Thu, 19 Sep 2013 11:50:21 GMT";s:7:"summary";s:40:"Balises HTML commencent par la lettre F
";s:14:"date_timestamp";i:1379591421;}i:276;a:6:{s:5:"title";s:39:"Balises HTML commencent par la lettre E";s:4:"link";s:70:"http://creer-un-site.fr/balises-html-commencent-par-la-lettre-e-33.php";s:11:"description";s:40:"Balises HTML commencent par la lettre E
";s:7:"pubdate";s:29:"Thu, 19 Sep 2013 11:50:21 GMT";s:7:"summary";s:40:"Balises HTML commencent par la lettre E
";s:14:"date_timestamp";i:1379591421;}i:277;a:6:{s:5:"title";s:39:"Balises HTML commencent par la lettre D";s:4:"link";s:70:"http://creer-un-site.fr/balises-html-commencent-par-la-lettre-d-32.php";s:11:"description";s:40:"Balises HTML commencent par la lettre D
";s:7:"pubdate";s:29:"Thu, 19 Sep 2013 11:50:21 GMT";s:7:"summary";s:40:"Balises HTML commencent par la lettre D
";s:14:"date_timestamp";i:1379591421;}i:278;a:6:{s:5:"title";s:39:"Balises HTML commencent par la lettre C";s:4:"link";s:70:"http://creer-un-site.fr/balises-html-commencent-par-la-lettre-c-31.php";s:11:"description";s:40:"Balises HTML commencent par la lettre C
";s:7:"pubdate";s:29:"Thu, 19 Sep 2013 11:50:21 GMT";s:7:"summary";s:40:"Balises HTML commencent par la lettre C
";s:14:"date_timestamp";i:1379591421;}i:279;a:6:{s:5:"title";s:39:"Balises HTML commencent par la lettre B";s:4:"link";s:70:"http://creer-un-site.fr/balises-html-commencent-par-la-lettre-b-30.php";s:11:"description";s:41:"Balises HTML commencent par la lettre B.
";s:7:"pubdate";s:29:"Thu, 19 Sep 2013 11:50:21 GMT";s:7:"summary";s:41:"Balises HTML commencent par la lettre B.
";s:14:"date_timestamp";i:1379591421;}i:280;a:6:{s:5:"title";s:39:"Balises HTML commencent par la lettre A";s:4:"link";s:70:"http://creer-un-site.fr/balises-html-commencent-par-la-lettre-a-29.php";s:11:"description";s:41:"Balises HTML commencent par la lettre A.
";s:7:"pubdate";s:29:"Thu, 19 Sep 2013 11:50:21 GMT";s:7:"summary";s:41:"Balises HTML commencent par la lettre A.
";s:14:"date_timestamp";i:1379591421;}i:281;a:6:{s:5:"title";s:28:"Liste des balises HTML/XHTML";s:4:"link";s:59:"http://creer-un-site.fr/liste-des-balises-html-xhtml-28.php";s:11:"description";s:29:"Liste des balises HTML/XHTML
";s:7:"pubdate";s:29:"Thu, 19 Sep 2013 11:50:21 GMT";s:7:"summary";s:29:"Liste des balises HTML/XHTML
";s:14:"date_timestamp";i:1379591421;}i:282;a:6:{s:5:"title";s:49:"Comment créer des liens. Lien absolu ou relatif ?";s:4:"link";s:77:"http://creer-un-site.fr/comment-creer-des-liens-lien-absolu-ou-relatif-27.php";s:11:"description";s:139:"Comment créer des liens internes sur un site.Comment créer des liens externes sur un site. Lien absolu ou relatif ?. C'est quoi une ancre?
";s:7:"pubdate";s:29:"Thu, 19 Sep 2013 11:50:21 GMT";s:7:"summary";s:139:"Comment créer des liens internes sur un site.Comment créer des liens externes sur un site. Lien absolu ou relatif ?. C'est quoi une ancre?
";s:14:"date_timestamp";i:1379591421;}i:283;a:6:{s:5:"title";s:31:"Fabriquez votre site avec SiteW";s:4:"link";s:62:"http://creer-un-site.fr/fabriquez-votre-site-avec-sitew-25.php";s:11:"description";s:79:"SiteW vous permet de fabriquer votre site aisément grâce à son outil en ligne.
";s:7:"pubdate";s:29:"Mon, 30 Sep 2013 09:21:46 GMT";s:7:"summary";s:79:"SiteW vous permet de fabriquer votre site aisément grâce à son outil en ligne.
";s:14:"date_timestamp";i:1380532906;}i:284;a:6:{s:5:"title";s:32:"Alerte en Javascript sur un lien";s:4:"link";s:63:"http://creer-un-site.fr/alerte-en-javascript-sur-un-lien-24.php";s:11:"description";s:49:"Comment créer une alerte Javascript sur un lien.
";s:7:"pubdate";s:29:"Thu, 19 Sep 2013 11:50:21 GMT";s:7:"summary";s:49:"Comment créer une alerte Javascript sur un lien.
";s:14:"date_timestamp";i:1379591421;}i:285;a:6:{s:5:"title";s:39:"Comment créer un mot de passe aléatoire";s:4:"link";s:70:"http://creer-un-site.fr/comment-creer-un-mot-de-passe-aleatoire-23.php";s:11:"description";s:74:"Comment créer un mot de passe aléatoire composé de chiffres et de lettre?
";s:7:"pubdate";s:29:"Thu, 19 Sep 2013 11:50:21 GMT";s:7:"summary";s:74:"Comment créer un mot de passe aléatoire composé de chiffres et de lettre?
";s:14:"date_timestamp";i:1379591421;}i:286;a:6:{s:5:"title";s:26:"Editeur de texte Notepad++";s:4:"link";s:55:"http://creer-un-site.fr/editeur-de-texte-notepad-22.php";s:11:"description";s:73:"Editeur de texte Notepad++. Comment s'en servir pour créer une page web.
";s:7:"pubdate";s:29:"Thu, 19 Sep 2013 11:50:21 GMT";s:7:"summary";s:73:"Editeur de texte Notepad++. Comment s'en servir pour créer une page web.
";s:14:"date_timestamp";i:1379591421;}i:287;a:6:{s:5:"title";s:52:"Balises simples ou doubles,attributs et commentaires";s:4:"link";s:83:"http://creer-un-site.fr/balises-simples-ou-doubles-attributs-et-commentaires-21.php";s:11:"description";s:176:"Le langage HTML ou XHTML comporte de nombreuses balises allant soit de paire ou seule. Un attribut permet de donner une précision sur une balise, quelle soit double ou simple.
";s:7:"pubdate";s:29:"Thu, 19 Sep 2013 11:50:21 GMT";s:7:"summary";s:176:"Le langage HTML ou XHTML comporte de nombreuses balises allant soit de paire ou seule. Un attribut permet de donner une précision sur une balise, quelle soit double ou simple.
";s:14:"date_timestamp";i:1379591421;}i:288;a:6:{s:5:"title";s:34:"Comment ça fonctionne un site web?";s:4:"link";s:64:"http://creer-un-site.fr/comment-ca-fonctionne-un-site-web-20.php";s:11:"description";s:75:"Comment ça fonctionne un site web? C'est quoi un éditeur? Les navigateurs.
";s:7:"pubdate";s:29:"Thu, 19 Sep 2013 11:50:21 GMT";s:7:"summary";s:75:"Comment ça fonctionne un site web? C'est quoi un éditeur? Les navigateurs.
";s:14:"date_timestamp";i:1379591421;}i:289;a:6:{s:5:"title";s:27:"Comment organiser son texte";s:4:"link";s:58:"http://creer-un-site.fr/comment-organiser-son-texte-19.php";s:11:"description";s:43:"Comment organiser son texte en HTML/XHTML.
";s:7:"pubdate";s:29:"Thu, 19 Sep 2013 11:50:21 GMT";s:7:"summary";s:43:"Comment organiser son texte en HTML/XHTML.
";s:14:"date_timestamp";i:1379591421;}i:290;a:6:{s:5:"title";s:21:"Attribut rel=nofollow";s:4:"link";s:52:"http://creer-un-site.fr/attribut-rel-nofollow-18.php";s:11:"description";s:64:"Qu'est que l'attribut rel="nofollow" et quelle est son utilité?
";s:7:"pubdate";s:29:"Thu, 19 Sep 2013 11:50:21 GMT";s:7:"summary";s:64:"Qu'est que l'attribut rel="nofollow" et quelle est son utilité?
";s:14:"date_timestamp";i:1379591421;}i:291;a:6:{s:5:"title";s:33:"Mise en forme des bordures en css";s:4:"link";s:64:"http://creer-un-site.fr/mise-en-forme-des-bordures-en-css-17.php";s:11:"description";s:115:"Mise en forme des bordures en css - Propriété border : border-color ,border-style,border-collapse ,border-spacing.
";s:7:"pubdate";s:29:"Thu, 19 Sep 2013 11:50:21 GMT";s:7:"summary";s:115:"Mise en forme des bordures en css - Propriété border : border-color ,border-style,border-collapse ,border-spacing.
";s:14:"date_timestamp";i:1379591421;}i:292;a:6:{s:5:"title";s:36:"Supprimer un dossier et son contenue";s:4:"link";s:67:"http://creer-un-site.fr/supprimer-un-dossier-et-son-contenue-16.php";s:11:"description";s:122:"Code php permettant de supprimer un dossier et son contenue. Le script explore tout le contenu du dossier et le supprime.
";s:7:"pubdate";s:29:"Thu, 19 Sep 2013 11:50:21 GMT";s:7:"summary";s:122:"Code php permettant de supprimer un dossier et son contenue. Le script explore tout le contenu du dossier et le supprime.
";s:14:"date_timestamp";i:1379591421;}i:293;a:6:{s:5:"title";s:27:"Fonction date en JavaScript";s:4:"link";s:58:"http://creer-un-site.fr/fonction-date-en-javascript-15.php";s:11:"description";s:226:"Ce tuto a pour but de vous familiariser avec la fonction date en JavaScript. A la fin, vous saurez afficher une date ainsi que l'heure en temps réel et en JavaScript. Finit les fonctions PHP date qui n'actualise plus l'heure.
";s:7:"pubdate";s:29:"Thu, 19 Sep 2013 11:50:21 GMT";s:7:"summary";s:226:"Ce tuto a pour but de vous familiariser avec la fonction date en JavaScript. A la fin, vous saurez afficher une date ainsi que l'heure en temps réel et en JavaScript. Finit les fonctions PHP date qui n'actualise plus l'heure.
";s:14:"date_timestamp";i:1379591421;}i:294;a:6:{s:5:"title";s:29:"Les variables d'environnement";s:4:"link";s:60:"http://creer-un-site.fr/les-variables-d-environnement-14.php";s:11:"description";s:149:"C'est quoi une variable d'environnement?Les variables d'environnement sont des variables prédéfinis qui permettent de fournir divers renseignements.
";s:7:"pubdate";s:29:"Thu, 19 Sep 2013 11:50:21 GMT";s:7:"summary";s:149:"C'est quoi une variable d'environnement?Les variables d'environnement sont des variables prédéfinis qui permettent de fournir divers renseignements.
";s:14:"date_timestamp";i:1379591421;}i:295;a:6:{s:5:"title";s:23:"C'est quoi une variable";s:4:"link";s:54:"http://creer-un-site.fr/c-est-quoi-une-variable-13.php";s:11:"description";s:98:"Une variable en PHP est un élément qui permet de stocker temporairement une ou plusieurs valeurs.
";s:7:"pubdate";s:29:"Thu, 19 Sep 2013 11:50:21 GMT";s:7:"summary";s:98:"Une variable en PHP est un élément qui permet de stocker temporairement une ou plusieurs valeurs.
";s:14:"date_timestamp";i:1379591421;}i:296;a:6:{s:5:"title";s:35:"Envoyer un email avec un formulaire";s:4:"link";s:66:"http://creer-un-site.fr/envoyer-un-email-avec-un-formulaire-12.php";s:11:"description";s:56:"Comment envoyer un email avec un formulaire de contact.
";s:7:"pubdate";s:29:"Thu, 19 Sep 2013 11:50:21 GMT";s:7:"summary";s:56:"Comment envoyer un email avec un formulaire de contact.
";s:14:"date_timestamp";i:1379591421;}i:297;a:6:{s:5:"title";s:37:"Fonction sur les caractères accentués";s:4:"link";s:68:"http://creer-un-site.fr/fonction-sur-les-caracteres-accentues-11.php";s:11:"description";s:78:"Comment remplacer des caractères bizarre par leur équivalent dans une chaine.
";s:7:"pubdate";s:29:"Thu, 19 Sep 2013 11:50:21 GMT";s:7:"summary";s:78:"Comment remplacer des caractères bizarre par leur équivalent dans une chaine.
";s:14:"date_timestamp";i:1379591421;}i:298;a:6:{s:5:"title";s:18:"Fichier robots.txt";s:4:"link";s:49:"http://creer-un-site.fr/fichier-robots-txt-10.php";s:11:"description";s:106:"Comment indiquer au moteur de recherche grâce au fichier robots.txt quelles pages il ne doit pas indexer?
";s:7:"pubdate";s:29:"Thu, 19 Sep 2013 11:50:21 GMT";s:7:"summary";s:106:"Comment indiquer au moteur de recherche grâce au fichier robots.txt quelles pages il ne doit pas indexer?
";s:14:"date_timestamp";i:1379591421;}i:299;a:6:{s:5:"title";s:34:"Optimisation pour le référencement";s:4:"link";s:64:"http://creer-un-site.fr/optimisation-pour-le-referencement-9.php";s:11:"description";s:103:"Les bases de l'optimisation pour le référencement et le positionnement dans les moteurs de recherches.
";s:7:"pubdate";s:29:"Thu, 19 Sep 2013 11:50:21 GMT";s:7:"summary";s:103:"Les bases de l'optimisation pour le référencement et le positionnement dans les moteurs de recherches.
";s:14:"date_timestamp";i:1379591421;}i:300;a:6:{s:5:"title";s:17:"Propriété padding";s:4:"link";s:47:"http://creer-un-site.fr/propriete-padding-8.php";s:11:"description";s:121:"La propriété css padding permet de définir la marge qui sépare le contenu d'un élément de sa bordure (marge intérieure).
";s:7:"pubdate";s:29:"Thu, 19 Sep 2013 11:50:21 GMT";s:7:"summary";s:121:"La propriété css padding permet de définir la marge qui sépare le contenu d'un élément de sa bordure (marge intérieure).
";s:14:"date_timestamp";i:1379591421;}i:301;a:6:{s:5:"title";s:16:"Propriété margin";s:4:"link";s:46:"http://creer-un-site.fr/propriete-margin-7.php";s:11:"description";s:75:"Propriété margin en CSS. margin-top,margin-right,margin-bottom,margin-left
";s:7:"pubdate";s:29:"Thu, 19 Sep 2013 11:50:21 GMT";s:7:"summary";s:75:"Propriété margin en CSS. margin-top,margin-right,margin-bottom,margin-left
";s:14:"date_timestamp";i:1379591421;}i:302;a:6:{s:5:"title";s:15:"Les formulaires";s:4:"link";s:45:"http://creer-un-site.fr/les-formulaires-6.php";s:11:"description";s:108:"Comment créer un formulaire de contact et quelles sont les différentes balises utilisées pour le concevoir.
";s:7:"pubdate";s:29:"Thu, 19 Sep 2013 11:50:21 GMT";s:7:"summary";s:108:"Comment créer un formulaire de contact et quelles sont les différentes balises utilisées pour le concevoir.
";s:14:"date_timestamp";i:1379591421;}i:303;a:6:{s:5:"title";s:20:"Créer un sitemap XML";s:4:"link";s:50:"http://creer-un-site.fr/creer-un-sitemap-xml-5.php";s:11:"description";s:53:"C'est quoi un sitemap XML et quelle est son utilité.
";s:7:"pubdate";s:29:"Thu, 19 Sep 2013 11:50:21 GMT";s:7:"summary";s:53:"C'est quoi un sitemap XML et quelle est son utilité.
";s:14:"date_timestamp";i:1379591421;}i:304;a:6:{s:5:"title";s:29:"Mise en forme des paragraphes";s:4:"link";s:59:"http://creer-un-site.fr/mise-en-forme-des-paragraphes-4.php";s:11:"description";s:52:"Propriétés de mise en forme des paragraphes en css.
";s:7:"pubdate";s:29:"Thu, 19 Sep 2013 11:50:21 GMT";s:7:"summary";s:52:"Propriétés de mise en forme des paragraphes en css.
";s:14:"date_timestamp";i:1379591421;}i:305;a:6:{s:5:"title";s:16:"Popup JavaScript";s:4:"link";s:46:"http://creer-un-site.fr/popup-javascript-3.php";s:11:"description";s:72:"Comment ouvrir un popup en Javascript grace à la méthode window.open().
";s:7:"pubdate";s:29:"Thu, 19 Sep 2013 11:50:21 GMT";s:7:"summary";s:72:"Comment ouvrir un popup en Javascript grace à la méthode window.open().
";s:14:"date_timestamp";i:1379591421;}i:306;a:6:{s:5:"title";s:28:"Aides à la création de sites";s:4:"link";s:58:"http://creer-un-site.fr/aides-a-la-creation-de-sites-2.php";s:11:"description";s:290:"Sélection de sites permettant l'aide à la création de sites internet ou proposant des tutoriels pour vous aidez à créer un site web. Dans leur domaine respectif, les sites listés dans cette page peuvent vous apportez des solutions et/ou des aides concrètes à la création et gestion d'un...
";s:7:"pubdate";s:29:"Sun, 26 Jan 2014 11:34:13 GMT";s:7:"summary";s:290:"Sélection de sites permettant l'aide à la création de sites internet ou proposant des tutoriels pour vous aidez à créer un site web. Dans leur domaine respectif, les sites listés dans cette page peuvent vous apportez des solutions et/ou des aides concrètes à la création et gestion d'un...
";s:14:"date_timestamp";i:1390736053;}i:307;a:6:{s:5:"title";s:19:"Forum créer un site";s:4:"link";s:49:"http://creer-un-site.fr/forum-creer-un-site-1.php";s:11:"description";s:153:"Forum créer un site. Participez à la vie du forum créer un site en vous inscrivant gratuitement. Liste des dernières discussions du forum créer un site.
";s:7:"pubdate";s:29:"Wed, 25 Sep 2013 07:22:34 GMT";s:7:"summary";s:153:"Forum créer un site. Participez à la vie du forum créer un site en vous inscrivant gratuitement. Liste des dernières discussions du forum créer un site.
";s:14:"date_timestamp";i:1380093754;}}s:7:"channel";a:5:{s:5:"title";s:30:"Créer un site web gratuitement";s:4:"link";s:23:"http://creer-un-site.fr";s:11:"description";s:273:"Vous souhaitez créer un site web mais vous ne savez pas trop comment vous y prendre ? Apprenez par vous même à créer un site internet et à le mettre en ligne grâce aux nombreux tutoriels proposés. Ce site est loin d'être exhaustif mais il se veut simple pour les débutants.";s:8:"language";s:2:"fr";s:7:"tagline";s:273:"Vous souhaitez créer un site web mais vous ne savez pas trop comment vous y prendre ? Apprenez par vous même à créer un site internet et à le mettre en ligne grâce aux nombreux tutoriels proposés. Ce site est loin d'être exhaustif mais il se veut simple pour les débutants.";}s:9:"textinput";a:0:{}s:5:"image";a:0:{}s:9:"feed_type";s:3:"RSS";s:12:"feed_version";s:3:"2.0";s:8:"encoding";s:10:"ISO-8859-1";s:16:"_source_encoding";s:0:"";s:5:"ERROR";s:0:"";s:7:"WARNING";s:0:"";s:19:"_CONTENT_CONSTRUCTS";a:6:{i:0;s:7:"content";i:1;s:7:"summary";i:2;s:4:"info";i:3;s:5:"title";i:4;s:7:"tagline";i:5;s:9:"copyright";}s:16:"_KNOWN_ENCODINGS";a:3:{i:0;s:5:"UTF-8";i:1;s:8:"US-ASCII";i:2;s:10:"ISO-8859-1";}s:5:"stack";a:0:{}s:9:"inchannel";b:0;s:6:"initem";b:0;s:9:"incontent";b:0;s:11:"intextinput";b:0;s:7:"inimage";b:0;s:17:"current_namespace";b:0;s:13:"last_modified";s:31:"Thu, 01 Jan 1970 00:00:00 GMT
";}